diff --git a/src/main/java/Base/BasePage.java b/src/main/java/Base/BasePage.java
index db96804..9686061 100644
--- a/src/main/java/Base/BasePage.java
+++ b/src/main/java/Base/BasePage.java
@@ -1,20 +1,29 @@
 package Base;
 
+import java.time.Duration;
+
+import org.apache.log4j.Logger;
+import org.apache.log4j.PropertyConfigurator;
 import org.openqa.selenium.WebDriver;
 import org.openqa.selenium.support.PageFactory;
+import org.openqa.selenium.support.ui.WebDriverWait;
+
 
 public class BasePage {
 	
 	
 	public WebDriver driver;
+	public WebDriverWait wait;
 	public static CarBasePage carBase;
+	public static Logger log = Logger.getLogger(BasePage.class);
 	
 	
 	public BasePage(WebDriver driver) {
 		this.driver = driver;
 		PageFactory.initElements(driver, this);
-		
-		carBase = new CarBasePage(driver);
+		wait = new WebDriverWait(driver, Duration.ofSeconds(5000));
+		PropertyConfigurator.configure("./src/main/resources/properties/log4j.properties");
+		carBase = new CarBasePage(driver, wait);
 	}
 
 }
diff --git a/src/main/java/Base/CarBasePage.java b/src/main/java/Base/CarBasePage.java
index b7cf39f..5c7715c 100644
--- a/src/main/java/Base/CarBasePage.java
+++ b/src/main/java/Base/CarBasePage.java
@@ -1,13 +1,18 @@
 package Base;
 
+import java.util.List;
+
 import org.openqa.selenium.WebDriver;
 import org.openqa.selenium.WebElement;
 import org.openqa.selenium.support.FindBy;
 import org.openqa.selenium.support.PageFactory;
+import org.openqa.selenium.support.ui.ExpectedConditions;
+import org.openqa.selenium.support.ui.WebDriverWait;
 
 public class CarBasePage {
 	
 	public WebDriver driver;
+	public WebDriverWait wait;
 	
 	/*
 	 * This class is meant for all the common functionalities of
@@ -15,17 +20,31 @@ public class CarBasePage {
 	 * xpaths for their webelements on their respective pages, the methods will be 
 	 * implemented in the CarBasePage] 
 	 */
-	public CarBasePage(WebDriver driver) {
+	public CarBasePage(WebDriver driver, WebDriverWait wait) {
 		this.driver = driver;
+		this.wait = wait;
 		PageFactory.initElements(driver, this);
 	}
 
 	@FindBy(xpath = "//*[@id=\"root\"]/div[2]/div/div/div[2]/section/header/h1")
 	public WebElement carTitle;
-	
 	public String getCarTitle() {
-		//System.out.println("Inside the carBase.getCarTitle() ");
-		return carTitle.getText();
 		
+		return wait.until(ExpectedConditions.elementToBeClickable(carTitle)).getText();
+		
+	}
+	
+	@FindBy(xpath="//div/div/div/div/a/h3")
+	public List <WebElement> carNames;
+	
+	@FindBy(xpath="//div[3]/div/span/span[1]")
+	public List <WebElement> carPrices;
+	
+	public void getCarNamesAndPrices(){
+		//Operating for loop on carprices as the prices are not shown for 'not rated' car models on the page.
+		//so if we take carNames, the array will go out of bound for carprice rates.
+		for(int i = 0; i < carPrices.size()-1; i++) {
+			System.out.println(carNames + " Price: " + carPrices);
+		}
 	}
 }
diff --git a/src/main/java/pages/BMWCarPage.java b/src/main/java/pages/BMWCarPage.java
index cbaa3d4..d2bad02 100644
--- a/src/main/java/pages/BMWCarPage.java
+++ b/src/main/java/pages/BMWCarPage.java
@@ -13,7 +13,7 @@ public class BMWCarPage extends BasePage{
 	
 	public String getTitle() {
 		
-		System.out.println("Inside the BMW Cars page");
+		log.info("----Tanya: Inside the BMW Cars page---");
 		return carBase.getCarTitle();
 	}
 
diff --git a/src/main/java/pages/HomePage.java b/src/main/java/pages/HomePage.java
index 5748e5e..167d9d8 100644
--- a/src/main/java/pages/HomePage.java
+++ b/src/main/java/pages/HomePage.java
@@ -1,27 +1,17 @@
 package pages;
 
-import org.openqa.selenium.By;
 import org.openqa.selenium.WebDriver;
 import org.openqa.selenium.WebElement;
 import org.openqa.selenium.interactions.Actions;
 import org.openqa.selenium.support.FindBy;
-import org.openqa.selenium.support.PageFactory;
-
 import Base.BasePage;
 
 public class HomePage extends BasePage{
 	
-	/*
-	 * //creating constructor with webDriver paramter to pass the driver from the
-	 * tets case class //and use that driver instance public HomePage(WebDriver
-	 * driver) { this.driver = driver;
-	 * 
-	 * }
-	 */
 	
 	public HomePage(WebDriver driver) {
 		super(driver);
-		// TODO Auto-generated constructor stub
+		
 	}
 	
 	/*
@@ -44,30 +34,12 @@ public class HomePage extends BasePage{
 		
 		Actions act = new Actions(driver);
 		
-		//WebElement menu = driver.findElement(By.xpath("//nav/ul/li[1]/div"));
-		
 		act.moveToElement(newCar).perform();
 		
-		//driver.findElement(By.xpath("//div[normalize-space()='Find New Cars']")).click();
-		
 		findNewCar.click();
 		
-		//return PageFactory.initElements(driver, NewCarsPage.class);
 		return new NewCarsPage(driver);
 	}
 	
-	@FindBy(xpath = "//*[@id=\\\"root\\\"]/div[2]/div[1]/div/div/div/div[2]/div/div[1]/div/div[2]/div/div/div[1]/div/input")
-	private WebElement searchCar;
-	
-	public void searchCars(String carName) {
-		//the Car name in search bar will be read and sent form the test data excel sheet. we'll no hard code it.
-		
-		//driver.findElement(By.xpath("//*[@id=\"root\"]/div[2]/div[1]/div/div/div/div[2]/div/div[1]/div/div[2]/div/div/div[1]/div/input")).sendKeys("carName");
-		searchCar.sendKeys(carName);
-	}
-	
-	public void verifyFeaturedCars() {
-		
-	}
 
 }
diff --git a/src/main/java/pages/HyundaiCarPage.java b/src/main/java/pages/HyundaiCarPage.java
index 2328975..2fdb7d0 100644
--- a/src/main/java/pages/HyundaiCarPage.java
+++ b/src/main/java/pages/HyundaiCarPage.java
@@ -13,7 +13,7 @@ public class HyundaiCarPage extends BasePage{
 	
 	public String getTitle() {
 		
-		System.out.println("Inside the Hyundai Cars page");
+		log.info("Inside the Hyundai Cars page");
 		return carBase.getCarTitle();
 	}
 }
diff --git a/src/main/java/pages/NewCarsPage.java b/src/main/java/pages/NewCarsPage.java
index 7c3f573..63ca30b 100644
--- a/src/main/java/pages/NewCarsPage.java
+++ b/src/main/java/pages/NewCarsPage.java
@@ -1,10 +1,9 @@
 package pages;
 
-import org.openqa.selenium.By;
 import org.openqa.selenium.WebDriver;
 import org.openqa.selenium.WebElement;
 import org.openqa.selenium.support.FindBy;
-import org.openqa.selenium.support.PageFactory;
+import org.openqa.selenium.support.ui.ExpectedConditions;
 
 import Base.BasePage;
 
@@ -12,49 +11,67 @@ public class NewCarsPage extends BasePage{
 	
 	public NewCarsPage(WebDriver driver) {
 		super(driver);
-		// TODO Auto-generated constructor stub
+		
 	}
 	
 	@FindBy (xpath="//img[@title='Toyota Cars']")
 	WebElement toyotaCar;
-	
 	public ToyotaCarPage goToToyota() {
-		//driver.findElement(By.xpath("//img[@title='Toyota Cars']")).click();
-		toyotaCar.click();
-		System.out.println("Went to Toyota page");
+
+		wait.until(ExpectedConditions.elementToBeClickable(toyotaCar)).click();
+		log.info("Went to Toyota page");
 		carBase.getCarTitle();
 		
-		//return PageFactory.initElements(driver, ToyotaCarPage.class);
 		return new ToyotaCarPage(driver);
 	}
 	
-	@FindBy (xpath="//img[@title='BMW Cars']")
-	WebElement bmwCar;	
-	
+
+	@FindBy (xpath="//div/ul/li[5]/a/div[1]/div/img")
+	WebElement bmwCar;		
 	public BMWCarPage goToBMW() {
 		
-		//driver.findElement(By.xpath("//img[@title='BMW Cars']")).click();
-		bmwCar.click();
-		System.out.println("Went to BMW page");
+		wait.until(ExpectedConditions.elementToBeClickable(bmwCar)).click();
+		log.info("Went to BMW page");
 		
-		//return PageFactory.initElements(driver, BMWCarPage.class);
 		return new BMWCarPage(driver);
 		
 	}
 	
 	@FindBy (xpath="//img[@title='Audi Cars']")
 	WebElement audiCar;	
-	
 	public AudiCarPage goToAudi() {
 		
-	//	driver.findElement(By.xpath("//img[@title='Audi Cars']")).click();
-		audiCar.click();
-		System.out.println("Went to Audi page");
-		
-		//return PageFactory.initElements(driver, AudiCarPage.class);
+		wait.until(ExpectedConditions.elementToBeClickable(audiCar)).click();
 		
+		log.info("Went to Audi page");
+	
 		return new AudiCarPage(driver);
 		
 	}
+	
+	@FindBy (xpath="//img[@title='Audi Cars']")
+	WebElement kiaCar;	
+	public KiaCarPage goToKia() {
+		
+		wait.until(ExpectedConditions.elementToBeClickable(kiaCar)).click();
+		
+		log.info("Went to Kia page");
+		
+		return new KiaCarPage(driver);
+		
+	}
+	
+	
+	@FindBy (xpath="//img[@title='Audi Cars']")
+	WebElement hyundaiCar;	
+	public HyundaiCarPage goToHyundai() {
+		
+		wait.until(ExpectedConditions.elementToBeClickable(hyundaiCar)).click();
+		
+		log.info("Went to Hyundai page");
+		
+		return new HyundaiCarPage(driver);
+		
+	}
 
 }
diff --git a/src/main/resources/logs/applog.txt b/src/main/resources/logs/applog.txt
index e69de29..9c24f18 100644
--- a/src/main/resources/logs/applog.txt
+++ b/src/main/resources/logs/applog.txt
@@ -0,0 +1 @@
+INFO    2024-12-25 17:26:32,369 [main] testcases.testProperties  - ----Tanya: Car brand is: kia---
diff --git a/src/test/java/testcases/BaseTest.java b/src/test/java/testcases/BaseTest.java
index d6dfc3b..750f5ec 100644
--- a/src/test/java/testcases/BaseTest.java
+++ b/src/test/java/testcases/BaseTest.java
@@ -101,17 +101,12 @@ public class BaseTest {
 
 		wait = new WebDriverWait(driver, Duration.ofSeconds(Integer.parseInt(config.getProperty("explicit.wait"))));
 
-		try {
-			DbManager.setMysqlDbConnection();
-			log.info("DB Connection established");
-		} catch (ClassNotFoundException e) {
-			// TODO Auto-generated catch block
-			e.printStackTrace();
-		} catch (SQLException e) {
-			// TODO Auto-generated catch block
-			e.printStackTrace();
-		}
-
+		/*
+		 * try { DbManager.setMysqlDbConnection();
+		 * log.info("DB Connection established"); } catch (ClassNotFoundException e) {
+		 * // TODO Auto-generated catch block e.printStackTrace(); } catch (SQLException
+		 * e) { // TODO Auto-generated catch block e.printStackTrace(); }
+		 */
 	}
 
 	@AfterMethod
diff --git a/src/test/java/testcases/FindNewCarsTest.java b/src/test/java/testcases/FindNewCarsTest.java
index fd238fc..66b0398 100644
--- a/src/test/java/testcases/FindNewCarsTest.java
+++ b/src/test/java/testcases/FindNewCarsTest.java
@@ -24,29 +24,25 @@ public class FindNewCarsTest extends BaseTest{
 		setUp(browser);
 		HomePage home = new HomePage(driver);
 		NewCarsPage newCars = home.findNewCars();
-		//newCars.goToToyota();
-		//BasePage.carBase.getCarTitle();
-		System.out.println("Car brand is: "+ carBrand);
+
+		log.info("----Tanya: Car brand is: "+ carBrand + "---");
 		
 		if(carBrand.equals("audi")) {
 			newCars.goToAudi();
-			System.out.println("Went to Audi");
+			log.info("----Tanya: Went to Audi---");
 		}else if (carBrand.equals("bmw")) {
 			newCars.goToBMW();
-			System.out.println("Went to BMW");
+			log.info("----Tanya: Went to BMW---");
 		}else if (carBrand.equals("toyota")) {
 			newCars.goToToyota();
-			System.out.println("TOYOTA");
+			log.info("----Tanya: Went to Toyota---");
+			
 		}
-		System.out.println("Actual CarTitle is: " + BasePage.carBase.getCarTitle());
+		log.info("Actual CarTitle is: " + BasePage.carBase.getCarTitle());
 		
 		Assert.assertEquals(BasePage.carBase.getCarTitle(), carTitle);
-		try {
-			Thread.sleep(5000);
-		} catch (InterruptedException e) {
-			// TODO Auto-generated catch block
-			e.printStackTrace();
-		}
+
+		tearDown();
 		
 		
 	}
diff --git a/src/test/resources/logs/applog.txt b/src/test/resources/logs/applog.txt
index 1524acd..a516762 100644
--- a/src/test/resources/logs/applog.txt
+++ b/src/test/resources/logs/applog.txt
@@ -1,7 +1,5 @@
-INFO    2024-12-21 19:31:11,099 [main] testcases.testProperties  - Test Execution started !!!
-INFO    2024-12-21 19:31:11,099 [main] testcases.testProperties  - Config properties file loaded
-INFO    2024-12-21 19:31:11,100 [main] testcases.testProperties  - OR properties file loaded
-INFO    2024-12-21 19:31:13,154 [main] testcases.testProperties  - Chrome browser launched
-INFO    2024-12-21 19:31:15,512 [main] testcases.testProperties  - Navigated to : https://www.carwale.com/
-INFO    2024-12-21 19:31:15,827 [main] testcases.testProperties  - DB Connection established
-INFO    2024-12-21 19:31:26,482 [main] testcases.testProperties  - Test Execution completed !!!
+INFO    2024-12-25 17:26:26,665 [main] testcases.testProperties  - Test Execution started !!!
+INFO    2024-12-25 17:26:26,666 [main] testcases.testProperties  - Config properties file loaded
+INFO    2024-12-25 17:26:26,667 [main] testcases.testProperties  - OR properties file loaded
+INFO    2024-12-25 17:26:30,099 [main] testcases.testProperties  - Chrome browser launched
+INFO    2024-12-25 17:26:31,588 [main] testcases.testProperties  - Navigated to : https://www.carwale.com/
diff --git a/src/test/resources/runner/testng.xml b/src/test/resources/runner/testng.xml
index acb07b5..9507c77 100644
--- a/src/test/resources/runner/testng.xml
+++ b/src/test/resources/runner/testng.xml
@@ -1,10 +1,32 @@
 <?xml version="1.0" encoding="UTF-8"?>
 <!DOCTYPE suite SYSTEM "https://testng.org/testng-1.0.dtd">
+
+<!-- Introduction:
+	In this first suit, we have 2 tests in total :
+	1.Find New Car Test ans 
+	2.Find Car Names and Car Prices   -->
+
 <suite name="Page Object Model Framework">
-<test name="Find New Car Test">
-<classes>
-<class name="testcases.FindNewCarsTest"/>
-</classes>
-</test>
+
+<!-- Test:1 -->
+	<test name="Find New Car Test">
+
+		<classes>	
+			<class name="testcases.FindNewCarsTest"/>
+			<!-- We can add more classes here if needed for this test -->
+		</classes>
+
+	</test> <!-- Test -->
+<!-- Test:2 -->
+	<test name="Find Car Names and Car Prices">
+
+		<classes>
+			<class name="testcases.CarNamesAndCarPricesTest"/>
+			<!-- We can add more classes here if needed for this test -->
+		</classes>
+
+	</test>	<!-- Test2 -->
+
+	
 </suite>
-<!--  Suite  -->
\ No newline at end of file
+<!--  Suite  -->
diff --git a/target/classes/Base/BasePage.class b/target/classes/Base/BasePage.class
index df8f54b..9f48cf1 100644
Binary files a/target/classes/Base/BasePage.class and b/target/classes/Base/BasePage.class differ
diff --git a/target/classes/Base/CarBasePage.class b/target/classes/Base/CarBasePage.class
index 1d14e06..9490ec7 100644
Binary files a/target/classes/Base/CarBasePage.class and b/target/classes/Base/CarBasePage.class differ
diff --git a/target/classes/pages/BMWCarPage.class b/target/classes/pages/BMWCarPage.class
index 9561b18..c99de88 100644
Binary files a/target/classes/pages/BMWCarPage.class and b/target/classes/pages/BMWCarPage.class differ
diff --git a/target/classes/pages/HomePage.class b/target/classes/pages/HomePage.class
index a672023..b06273e 100644
Binary files a/target/classes/pages/HomePage.class and b/target/classes/pages/HomePage.class differ
diff --git a/target/classes/pages/HyundaiCarPage.class b/target/classes/pages/HyundaiCarPage.class
index ea63965..b070d44 100644
Binary files a/target/classes/pages/HyundaiCarPage.class and b/target/classes/pages/HyundaiCarPage.class differ
diff --git a/target/classes/pages/NewCarsPage.class b/target/classes/pages/NewCarsPage.class
index 9f8cc45..b19e18e 100644
Binary files a/target/classes/pages/NewCarsPage.class and b/target/classes/pages/NewCarsPage.class differ
diff --git a/target/test-classes/logs/applog.txt b/target/test-classes/logs/applog.txt
index 1524acd..78f1f37 100644
--- a/target/test-classes/logs/applog.txt
+++ b/target/test-classes/logs/applog.txt
@@ -1,7 +1,5 @@
-INFO    2024-12-21 19:31:11,099 [main] testcases.testProperties  - Test Execution started !!!
-INFO    2024-12-21 19:31:11,099 [main] testcases.testProperties  - Config properties file loaded
-INFO    2024-12-21 19:31:11,100 [main] testcases.testProperties  - OR properties file loaded
-INFO    2024-12-21 19:31:13,154 [main] testcases.testProperties  - Chrome browser launched
-INFO    2024-12-21 19:31:15,512 [main] testcases.testProperties  - Navigated to : https://www.carwale.com/
-INFO    2024-12-21 19:31:15,827 [main] testcases.testProperties  - DB Connection established
-INFO    2024-12-21 19:31:26,482 [main] testcases.testProperties  - Test Execution completed !!!
+INFO    2024-12-25 16:43:46,905 [main] testcases.testProperties  - Test Execution started !!!
+INFO    2024-12-25 16:43:46,905 [main] testcases.testProperties  - Config properties file loaded
+INFO    2024-12-25 16:43:46,905 [main] testcases.testProperties  - OR properties file loaded
+INFO    2024-12-25 16:43:52,814 [main] testcases.testProperties  - Chrome browser launched
+INFO    2024-12-25 16:43:54,582 [main] testcases.testProperties  - Navigated to : https://www.carwale.com/
diff --git a/target/test-classes/runner/testng.xml b/target/test-classes/runner/testng.xml
index acb07b5..9507c77 100644
--- a/target/test-classes/runner/testng.xml
+++ b/target/test-classes/runner/testng.xml
@@ -1,10 +1,32 @@
 <?xml version="1.0" encoding="UTF-8"?>
 <!DOCTYPE suite SYSTEM "https://testng.org/testng-1.0.dtd">
+
+<!-- Introduction:
+	In this first suit, we have 2 tests in total :
+	1.Find New Car Test ans 
+	2.Find Car Names and Car Prices   -->
+
 <suite name="Page Object Model Framework">
-<test name="Find New Car Test">
-<classes>
-<class name="testcases.FindNewCarsTest"/>
-</classes>
-</test>
+
+<!-- Test:1 -->
+	<test name="Find New Car Test">
+
+		<classes>	
+			<class name="testcases.FindNewCarsTest"/>
+			<!-- We can add more classes here if needed for this test -->
+		</classes>
+
+	</test> <!-- Test -->
+<!-- Test:2 -->
+	<test name="Find Car Names and Car Prices">
+
+		<classes>
+			<class name="testcases.CarNamesAndCarPricesTest"/>
+			<!-- We can add more classes here if needed for this test -->
+		</classes>
+
+	</test>	<!-- Test2 -->
+
+	
 </suite>
-<!--  Suite  -->
\ No newline at end of file
+<!--  Suite  -->
diff --git a/target/test-classes/testcases/BaseTest.class b/target/test-classes/testcases/BaseTest.class
index c37fcd9..1c2df93 100644
Binary files a/target/test-classes/testcases/BaseTest.class and b/target/test-classes/testcases/BaseTest.class differ
diff --git a/target/test-classes/testcases/FindNewCarsTest.class b/target/test-classes/testcases/FindNewCarsTest.class
index 82069dc..7c4d771 100644
Binary files a/target/test-classes/testcases/FindNewCarsTest.class and b/target/test-classes/testcases/FindNewCarsTest.class differ
diff --git a/test-output/Page Object Model Framework/Find New Car Test.html b/test-output/Page Object Model Framework/Find New Car Test.html
index 122d122..1e51c19 100644
--- a/test-output/Page Object Model Framework/Find New Car Test.html	
+++ b/test-output/Page Object Model Framework/Find New Car Test.html	
@@ -55,11 +55,11 @@ function toggleAllBoxes() {
 <body>
 <h2 align='center'>Find New Car Test</h2><table border='1' align="center">
 <tr>
-<td>Tests passed/Failed/Skipped:</td><td>0/1/0</td>
+<td>Tests passed/Failed/Skipped:</td><td>4/1/0</td>
 </tr><tr>
-<td>Started on:</td><td>Sat Dec 21 19:31:10 IST 2024</td>
+<td>Started on:</td><td>Wed Dec 25 15:19:55 IST 2024</td>
 </tr>
-<tr><td>Total time:</td><td>15 seconds (15491 ms)</td>
+<tr><td>Total time:</td><td>5041 seconds (5041412 ms)</td>
 </tr><tr>
 <td>Included groups:</td><td></td>
 </tr><tr>
@@ -75,16 +75,16 @@ function toggleAllBoxes() {
 <td><b>Instance</b></td>
 </tr>
 <tr>
-<td title='testcases.FindNewCarsTest.findNewCars()'><b>findNewCars</b><br>Test class: testcases.FindNewCarsTest<br>Parameters: chrome, Y, kia, Kia Cars</td>
-<td><div><pre>org.openqa.selenium.NoSuchElementException: no such element: Unable to locate element: {&quot;method&quot;:&quot;xpath&quot;,&quot;selector&quot;:&quot;//*[@id=&quot;root&quot;]/div[2]/div/div/div[2]/section/header/h1&quot;}
+<td title='testcases.FindNewCarsTest.findNewCars()'><b>findNewCars</b><br>Test class: testcases.FindNewCarsTest<br>Parameters: chrome, Y, hyundai, Hyundai Cars</td>
+<td><div><pre>org.openqa.selenium.NoSuchWindowException: no such window: target window already closed
+from unknown error: web view not found
   (Session info: chrome=131.0.6778.205)
-For documentation on this error, please visit: https://www.selenium.dev/documentation/webdriver/troubleshooting/errors#no-such-element-exception
 Build info: version: &apos;4.13.0&apos;, revision: &apos;ba948ece5b*&apos;
 System info: os.name: &apos;Windows 11&apos;, os.arch: &apos;amd64&apos;, os.version: &apos;10.0&apos;, java.version: &apos;18&apos;
 Driver info: org.openqa.selenium.chrome.ChromeDriver
-Command: [e33101bfd5632194ad0acca08224cfdc, findElement {using=xpath, value=//*[@id=&quot;root&quot;]/div[2]/div/div/div[2]/section/header/h1}]
-Capabilities {acceptInsecureCerts: false, browserName: chrome, browserVersion: 131.0.6778.205, chrome: {chromedriverVersion: 131.0.6778.204 (52183f9e99a..., userDataDir: C:\Users\TANYAF~1\AppData\L...}, fedcm:accounts: true, goog:chromeOptions: {debuggerAddress: localhost:54789}, networkConnectionEnabled: false, pageLoadStrategy: normal, platformName: windows, proxy: Proxy(), se:cdp: ws://localhost:54789/devtoo..., se:cdpVersion: 131.0.6778.205, setWindowRect: true, strictFileInteractability: false, timeouts: {implicit: 0, pageLoad: 300000, script: 30000}, unhandledPromptBehavior: dismiss and notify, webauthn:extension:credBlob: true, webauthn:extension:largeBlob: true, webauthn:extension:minPinLength: true, webauthn:extension:prf: true, webauthn:virtualAuthenticators: true}
-Session ID: e33101bfd5632194ad0acca08224cfdc
+Command: [6363b399cfd7d418a4b0541a2e450c7e, findElement {using=xpath, value=//div[normalize-space()=&apos;Find New Cars&apos;]}]
+Capabilities {acceptInsecureCerts: false, browserName: chrome, browserVersion: 131.0.6778.205, chrome: {chromedriverVersion: 131.0.6778.204 (52183f9e99a..., userDataDir: C:\Users\TANYAF~1\AppData\L...}, fedcm:accounts: true, goog:chromeOptions: {debuggerAddress: localhost:56361}, networkConnectionEnabled: false, pageLoadStrategy: normal, platformName: windows, proxy: Proxy(), se:cdp: ws://localhost:56361/devtoo..., se:cdpVersion: 131.0.6778.205, setWindowRect: true, strictFileInteractability: false, timeouts: {implicit: 0, pageLoad: 300000, script: 30000}, unhandledPromptBehavior: dismiss and notify, webauthn:extension:credBlob: true, webauthn:extension:largeBlob: true, webauthn:extension:minPinLength: true, webauthn:extension:prf: true, webauthn:virtualAuthenticators: true}
+Session ID: 6363b399cfd7d418a4b0541a2e450c7e
 	at org.openqa.selenium.remote.codec.w3c.W3CHttpResponseCodec.createException(W3CHttpResponseCodec.java:200)
 	at org.openqa.selenium.remote.codec.w3c.W3CHttpResponseCodec.decode(W3CHttpResponseCodec.java:133)
 	at org.openqa.selenium.remote.codec.w3c.W3CHttpResponseCodec.decode(W3CHttpResponseCodec.java:52)
@@ -98,19 +98,25 @@ Session ID: e33101bfd5632194ad0acca08224cfdc
 	at org.openqa.selenium.remote.RemoteWebDriver.findElement(RemoteWebDriver.java:353)
 	at org.openqa.selenium.support.pagefactory.DefaultElementLocator.findElement(DefaultElementLocator.java:68)
 	at org.openqa.selenium.support.pagefactory.internal.LocatingElementHandler.invoke(LocatingElementHandler.java:38)
-	at jdk.proxy2/jdk.proxy2.$Proxy16.getText(Unknown Source)
-	at Base.CarBasePage.getCarTitle(CarBasePage.java:28)
-	at testcases.FindNewCarsTest.findNewCars(FindNewCarsTest.java:41)
-... Removed 26 stack frames</pre></div><a href='#' onClick='toggleBox("stack-trace1948689480", this, "Click to show all stack frames", "Click to hide stack frames")'>Click to show all stack frames</a>
-<div class='stack-trace' id='stack-trace1948689480'><pre>org.openqa.selenium.NoSuchElementException: no such element: Unable to locate element: {&quot;method&quot;:&quot;xpath&quot;,&quot;selector&quot;:&quot;//*[@id=&quot;root&quot;]/div[2]/div/div/div[2]/section/header/h1&quot;}
+	at jdk.proxy2/jdk.proxy2.$Proxy16.toString(Unknown Source)
+	at java.base/java.lang.String.valueOf(String.java:4213)
+	at java.base/java.lang.StringBuilder.append(StringBuilder.java:173)
+	at org.openqa.selenium.support.ui.ExpectedConditions$23.toString(ExpectedConditions.java:669)
+	at java.base/java.lang.String.valueOf(String.java:4213)
+	at java.base/java.lang.StringBuilder.append(StringBuilder.java:173)
+	at org.openqa.selenium.support.ui.FluentWait.until(FluentWait.java:227)
+	at pages.HomePage.findNewCars(HomePage.java:55)
+	at testcases.FindNewCarsTest.findNewCars(FindNewCarsTest.java:26)
+... Removed 26 stack frames</pre></div><a href='#' onClick='toggleBox("stack-trace1898513588", this, "Click to show all stack frames", "Click to hide stack frames")'>Click to show all stack frames</a>
+<div class='stack-trace' id='stack-trace1898513588'><pre>org.openqa.selenium.NoSuchWindowException: no such window: target window already closed
+from unknown error: web view not found
   (Session info: chrome=131.0.6778.205)
-For documentation on this error, please visit: https://www.selenium.dev/documentation/webdriver/troubleshooting/errors#no-such-element-exception
 Build info: version: &apos;4.13.0&apos;, revision: &apos;ba948ece5b*&apos;
 System info: os.name: &apos;Windows 11&apos;, os.arch: &apos;amd64&apos;, os.version: &apos;10.0&apos;, java.version: &apos;18&apos;
 Driver info: org.openqa.selenium.chrome.ChromeDriver
-Command: [e33101bfd5632194ad0acca08224cfdc, findElement {using=xpath, value=//*[@id=&quot;root&quot;]/div[2]/div/div/div[2]/section/header/h1}]
-Capabilities {acceptInsecureCerts: false, browserName: chrome, browserVersion: 131.0.6778.205, chrome: {chromedriverVersion: 131.0.6778.204 (52183f9e99a..., userDataDir: C:\Users\TANYAF~1\AppData\L...}, fedcm:accounts: true, goog:chromeOptions: {debuggerAddress: localhost:54789}, networkConnectionEnabled: false, pageLoadStrategy: normal, platformName: windows, proxy: Proxy(), se:cdp: ws://localhost:54789/devtoo..., se:cdpVersion: 131.0.6778.205, setWindowRect: true, strictFileInteractability: false, timeouts: {implicit: 0, pageLoad: 300000, script: 30000}, unhandledPromptBehavior: dismiss and notify, webauthn:extension:credBlob: true, webauthn:extension:largeBlob: true, webauthn:extension:minPinLength: true, webauthn:extension:prf: true, webauthn:virtualAuthenticators: true}
-Session ID: e33101bfd5632194ad0acca08224cfdc
+Command: [6363b399cfd7d418a4b0541a2e450c7e, findElement {using=xpath, value=//div[normalize-space()=&apos;Find New Cars&apos;]}]
+Capabilities {acceptInsecureCerts: false, browserName: chrome, browserVersion: 131.0.6778.205, chrome: {chromedriverVersion: 131.0.6778.204 (52183f9e99a..., userDataDir: C:\Users\TANYAF~1\AppData\L...}, fedcm:accounts: true, goog:chromeOptions: {debuggerAddress: localhost:56361}, networkConnectionEnabled: false, pageLoadStrategy: normal, platformName: windows, proxy: Proxy(), se:cdp: ws://localhost:56361/devtoo..., se:cdpVersion: 131.0.6778.205, setWindowRect: true, strictFileInteractability: false, timeouts: {implicit: 0, pageLoad: 300000, script: 30000}, unhandledPromptBehavior: dismiss and notify, webauthn:extension:credBlob: true, webauthn:extension:largeBlob: true, webauthn:extension:minPinLength: true, webauthn:extension:prf: true, webauthn:virtualAuthenticators: true}
+Session ID: 6363b399cfd7d418a4b0541a2e450c7e
 	at java.base/jdk.internal.reflect.DirectConstructorHandleAccessor.newInstance(DirectConstructorHandleAccessor.java:67)
 	at java.base/java.lang.reflect.Constructor.newInstanceWithCaller(Constructor.java:499)
 	at java.base/java.lang.reflect.Constructor.newInstance(Constructor.java:483)
@@ -127,9 +133,15 @@ Session ID: e33101bfd5632194ad0acca08224cfdc
 	at org.openqa.selenium.remote.RemoteWebDriver.findElement(RemoteWebDriver.java:353)
 	at org.openqa.selenium.support.pagefactory.DefaultElementLocator.findElement(DefaultElementLocator.java:68)
 	at org.openqa.selenium.support.pagefactory.internal.LocatingElementHandler.invoke(LocatingElementHandler.java:38)
-	at jdk.proxy2/jdk.proxy2.$Proxy16.getText(Unknown Source)
-	at Base.CarBasePage.getCarTitle(CarBasePage.java:28)
-	at testcases.FindNewCarsTest.findNewCars(FindNewCarsTest.java:41)
+	at jdk.proxy2/jdk.proxy2.$Proxy16.toString(Unknown Source)
+	at java.base/java.lang.String.valueOf(String.java:4213)
+	at java.base/java.lang.StringBuilder.append(StringBuilder.java:173)
+	at org.openqa.selenium.support.ui.ExpectedConditions$23.toString(ExpectedConditions.java:669)
+	at java.base/java.lang.String.valueOf(String.java:4213)
+	at java.base/java.lang.StringBuilder.append(StringBuilder.java:173)
+	at org.openqa.selenium.support.ui.FluentWait.until(FluentWait.java:227)
+	at pages.HomePage.findNewCars(HomePage.java:55)
+	at testcases.FindNewCarsTest.findNewCars(FindNewCarsTest.java:26)
 	at java.base/jdk.internal.reflect.DirectMethodHandleAccessor.invoke(DirectMethodHandleAccessor.java:104)
 	at java.base/java.lang.reflect.Method.invoke(Method.java:577)
 	at org.testng.internal.MethodInvocationHelper.invokeMethod(MethodInvocationHelper.java:124)
@@ -151,11 +163,39 @@ Session ID: e33101bfd5632194ad0acca08224cfdc
 	at org.testng.TestNG.runSuites(TestNG.java:1049)
 	at org.testng.TestNG.run(TestNG.java:1017)
 	at org.testng.remote.AbstractRemoteTestNG.run(AbstractRemoteTestNG.java:115)
-	at org.testng.remote.RemoteTestNG.initAndRun(RemoteTestNG.java:251)
-	at org.testng.remote.RemoteTestNG.main(RemoteTestNG.java:77)
+	at org.testng.remote.RemoteTestNG.initAndRun(RemoteTestNG.java:293)
+	at org.testng.remote.RemoteTestNG.main(RemoteTestNG.java:91)
 </pre></div></td>
-<td>15</td>
-<td>testcases.FindNewCarsTest@1ef3efa8</td></tr>
+<td>5005</td>
+<td>testcases.FindNewCarsTest@47605f2f</td></tr>
+</table><p>
+<table width='100%' border='1' class='invocation-passed'>
+<tr><td colspan='4' align='center'><b>PASSED TESTS</b></td></tr>
+<tr><td><b>Test method</b></td>
+<td width="30%"><b>Exception</b></td>
+<td width="10%"><b>Time (seconds)</b></td>
+<td><b>Instance</b></td>
+</tr>
+<tr>
+<td title='testcases.FindNewCarsTest.findNewCars()'><b>findNewCars</b><br>Test class: testcases.FindNewCarsTest<br>Parameters: chrome, Y, kia, Kia Cars</td>
+<td></td>
+<td>9</td>
+<td>testcases.FindNewCarsTest@47605f2f</td></tr>
+<tr>
+<td title='testcases.FindNewCarsTest.findNewCars()'><b>findNewCars</b><br>Test class: testcases.FindNewCarsTest<br>Parameters: chrome, Y, toyota, Toyota Cars</td>
+<td></td>
+<td>6</td>
+<td>testcases.FindNewCarsTest@47605f2f</td></tr>
+<tr>
+<td title='testcases.FindNewCarsTest.findNewCars()'><b>findNewCars</b><br>Test class: testcases.FindNewCarsTest<br>Parameters: chrome, Y, bmw, BMW Cars</td>
+<td></td>
+<td>5</td>
+<td>testcases.FindNewCarsTest@47605f2f</td></tr>
+<tr>
+<td title='testcases.FindNewCarsTest.findNewCars()'><b>findNewCars</b><br>Test class: testcases.FindNewCarsTest<br>Parameters: chrome, Y, audi, Audi Cars</td>
+<td></td>
+<td>10</td>
+<td>testcases.FindNewCarsTest@47605f2f</td></tr>
 </table><p>
 </body>
 </html>
\ No newline at end of file
diff --git a/test-output/Page Object Model Framework/Find New Car Test.xml b/test-output/Page Object Model Framework/Find New Car Test.xml
index 2d066f1..64b3c2a 100644
--- a/test-output/Page Object Model Framework/Find New Car Test.xml	
+++ b/test-output/Page Object Model Framework/Find New Car Test.xml	
@@ -1,25 +1,28 @@
 <?xml version="1.0" encoding="UTF-8"?>
 <!-- Generated by org.testng.reporters.JUnitXMLReporter -->
-<testsuite ignored="0" hostname="LAPTOP-5ONM4F1J" failures="1" tests="1" name="Find New Car Test" time="15.491" errors="0" timestamp="21 Dec 2024 14:01:26 GMT">
-  <testcase classname="testcases.FindNewCarsTest" name="findNewCars" time="15.188">
-    <failure type="org.openqa.selenium.NoSuchElementException" message="no such element: Unable to locate element: {&amp;quot;method&amp;quot;:&amp;quot;xpath&amp;quot;,&amp;quot;selector&amp;quot;:&amp;quot;//*[@id=&amp;quot;root&amp;quot;]/div[2]/div/div/div[2]/section/header/h1&amp;quot;}
+<testsuite ignored="0" hostname="LAPTOP-5ONM4F1J" failures="1" tests="5" name="Find New Car Test" time="5041.412" errors="0" timestamp="25 Dec 2024 11:13:58 GMT">
+  <testcase classname="testcases.FindNewCarsTest" name="findNewCars" time="9.589"/>
+  <testcase classname="testcases.FindNewCarsTest" name="findNewCars" time="6.352"/>
+  <testcase classname="testcases.FindNewCarsTest" name="findNewCars" time="5.95"/>
+  <testcase classname="testcases.FindNewCarsTest" name="findNewCars" time="5005.063">
+    <failure type="org.openqa.selenium.NoSuchWindowException" message="no such window: target window already closed
+from unknown error: web view not found
   (Session info: chrome=131.0.6778.205)
-For documentation on this error, please visit: https://www.selenium.dev/documentation/webdriver/troubleshooting/errors#no-such-element-exception
 Build info: version: &amp;apos;4.13.0&amp;apos;, revision: &amp;apos;ba948ece5b*&amp;apos;
 System info: os.name: &amp;apos;Windows 11&amp;apos;, os.arch: &amp;apos;amd64&amp;apos;, os.version: &amp;apos;10.0&amp;apos;, java.version: &amp;apos;18&amp;apos;
 Driver info: org.openqa.selenium.chrome.ChromeDriver
-Command: [e33101bfd5632194ad0acca08224cfdc, findElement {using=xpath, value=//*[@id=&amp;quot;root&amp;quot;]/div[2]/div/div/div[2]/section/header/h1}]
-Capabilities {acceptInsecureCerts: false, browserName: chrome, browserVersion: 131.0.6778.205, chrome: {chromedriverVersion: 131.0.6778.204 (52183f9e99a..., userDataDir: C:\Users\TANYAF~1\AppData\L...}, fedcm:accounts: true, goog:chromeOptions: {debuggerAddress: localhost:54789}, networkConnectionEnabled: false, pageLoadStrategy: normal, platformName: windows, proxy: Proxy(), se:cdp: ws://localhost:54789/devtoo..., se:cdpVersion: 131.0.6778.205, setWindowRect: true, strictFileInteractability: false, timeouts: {implicit: 0, pageLoad: 300000, script: 30000}, unhandledPromptBehavior: dismiss and notify, webauthn:extension:credBlob: true, webauthn:extension:largeBlob: true, webauthn:extension:minPinLength: true, webauthn:extension:prf: true, webauthn:virtualAuthenticators: true}
-Session ID: e33101bfd5632194ad0acca08224cfdc">
-      <![CDATA[org.openqa.selenium.NoSuchElementException: no such element: Unable to locate element: {"method":"xpath","selector":"//*[@id="root"]/div[2]/div/div/div[2]/section/header/h1"}
+Command: [6363b399cfd7d418a4b0541a2e450c7e, findElement {using=xpath, value=//div[normalize-space()=&amp;apos;Find New Cars&amp;apos;]}]
+Capabilities {acceptInsecureCerts: false, browserName: chrome, browserVersion: 131.0.6778.205, chrome: {chromedriverVersion: 131.0.6778.204 (52183f9e99a..., userDataDir: C:\Users\TANYAF~1\AppData\L...}, fedcm:accounts: true, goog:chromeOptions: {debuggerAddress: localhost:56361}, networkConnectionEnabled: false, pageLoadStrategy: normal, platformName: windows, proxy: Proxy(), se:cdp: ws://localhost:56361/devtoo..., se:cdpVersion: 131.0.6778.205, setWindowRect: true, strictFileInteractability: false, timeouts: {implicit: 0, pageLoad: 300000, script: 30000}, unhandledPromptBehavior: dismiss and notify, webauthn:extension:credBlob: true, webauthn:extension:largeBlob: true, webauthn:extension:minPinLength: true, webauthn:extension:prf: true, webauthn:virtualAuthenticators: true}
+Session ID: 6363b399cfd7d418a4b0541a2e450c7e">
+      <![CDATA[org.openqa.selenium.NoSuchWindowException: no such window: target window already closed
+from unknown error: web view not found
   (Session info: chrome=131.0.6778.205)
-For documentation on this error, please visit: https://www.selenium.dev/documentation/webdriver/troubleshooting/errors#no-such-element-exception
 Build info: version: '4.13.0', revision: 'ba948ece5b*'
 System info: os.name: 'Windows 11', os.arch: 'amd64', os.version: '10.0', java.version: '18'
 Driver info: org.openqa.selenium.chrome.ChromeDriver
-Command: [e33101bfd5632194ad0acca08224cfdc, findElement {using=xpath, value=//*[@id="root"]/div[2]/div/div/div[2]/section/header/h1}]
-Capabilities {acceptInsecureCerts: false, browserName: chrome, browserVersion: 131.0.6778.205, chrome: {chromedriverVersion: 131.0.6778.204 (52183f9e99a..., userDataDir: C:\Users\TANYAF~1\AppData\L...}, fedcm:accounts: true, goog:chromeOptions: {debuggerAddress: localhost:54789}, networkConnectionEnabled: false, pageLoadStrategy: normal, platformName: windows, proxy: Proxy(), se:cdp: ws://localhost:54789/devtoo..., se:cdpVersion: 131.0.6778.205, setWindowRect: true, strictFileInteractability: false, timeouts: {implicit: 0, pageLoad: 300000, script: 30000}, unhandledPromptBehavior: dismiss and notify, webauthn:extension:credBlob: true, webauthn:extension:largeBlob: true, webauthn:extension:minPinLength: true, webauthn:extension:prf: true, webauthn:virtualAuthenticators: true}
-Session ID: e33101bfd5632194ad0acca08224cfdc
+Command: [6363b399cfd7d418a4b0541a2e450c7e, findElement {using=xpath, value=//div[normalize-space()='Find New Cars']}]
+Capabilities {acceptInsecureCerts: false, browserName: chrome, browserVersion: 131.0.6778.205, chrome: {chromedriverVersion: 131.0.6778.204 (52183f9e99a..., userDataDir: C:\Users\TANYAF~1\AppData\L...}, fedcm:accounts: true, goog:chromeOptions: {debuggerAddress: localhost:56361}, networkConnectionEnabled: false, pageLoadStrategy: normal, platformName: windows, proxy: Proxy(), se:cdp: ws://localhost:56361/devtoo..., se:cdpVersion: 131.0.6778.205, setWindowRect: true, strictFileInteractability: false, timeouts: {implicit: 0, pageLoad: 300000, script: 30000}, unhandledPromptBehavior: dismiss and notify, webauthn:extension:credBlob: true, webauthn:extension:largeBlob: true, webauthn:extension:minPinLength: true, webauthn:extension:prf: true, webauthn:virtualAuthenticators: true}
+Session ID: 6363b399cfd7d418a4b0541a2e450c7e
 at org.openqa.selenium.remote.codec.w3c.W3CHttpResponseCodec.createException(W3CHttpResponseCodec.java:200)
 at org.openqa.selenium.remote.codec.w3c.W3CHttpResponseCodec.decode(W3CHttpResponseCodec.java:133)
 at org.openqa.selenium.remote.codec.w3c.W3CHttpResponseCodec.decode(W3CHttpResponseCodec.java:52)
@@ -33,10 +36,17 @@ at org.openqa.selenium.remote.RemoteWebDriver.findElement(RemoteWebDriver.java:3
 at org.openqa.selenium.remote.RemoteWebDriver.findElement(RemoteWebDriver.java:353)
 at org.openqa.selenium.support.pagefactory.DefaultElementLocator.findElement(DefaultElementLocator.java:68)
 at org.openqa.selenium.support.pagefactory.internal.LocatingElementHandler.invoke(LocatingElementHandler.java:38)
-at jdk.proxy2/jdk.proxy2.$Proxy16.getText(Unknown Source)
-at Base.CarBasePage.getCarTitle(CarBasePage.java:28)
-at testcases.FindNewCarsTest.findNewCars(FindNewCarsTest.java:41)
+at jdk.proxy2/jdk.proxy2.$Proxy16.toString(Unknown Source)
+at java.base/java.lang.String.valueOf(String.java:4213)
+at java.base/java.lang.StringBuilder.append(StringBuilder.java:173)
+at org.openqa.selenium.support.ui.ExpectedConditions$23.toString(ExpectedConditions.java:669)
+at java.base/java.lang.String.valueOf(String.java:4213)
+at java.base/java.lang.StringBuilder.append(StringBuilder.java:173)
+at org.openqa.selenium.support.ui.FluentWait.until(FluentWait.java:227)
+at pages.HomePage.findNewCars(HomePage.java:55)
+at testcases.FindNewCarsTest.findNewCars(FindNewCarsTest.java:26)
 ... Removed 26 stack frames]]>
     </failure>
   </testcase> <!-- findNewCars -->
+  <testcase classname="testcases.FindNewCarsTest" name="findNewCars" time="10.454"/>
 </testsuite> <!-- Find New Car Test -->
diff --git a/test-output/Page Object Model Framework/testng-failed.xml b/test-output/Page Object Model Framework/testng-failed.xml
index 6898882..70b99a8 100644
--- a/test-output/Page Object Model Framework/testng-failed.xml	
+++ b/test-output/Page Object Model Framework/testng-failed.xml	
@@ -5,10 +5,20 @@
     <classes>
       <class name="testcases.FindNewCarsTest">
         <methods>
-          <include name="findNewCars" invocation-numbers="0"/>
+          <include name="findNewCars" invocation-numbers="3"/>
           <include name="tearDown"/>
         </methods>
       </class> <!-- testcases.FindNewCarsTest -->
     </classes>
   </test> <!-- Find New Car Test(failed) -->
+  <test thread-count="5" name="Find Car Names and Car Prices(failed)">
+    <classes>
+      <class name="testcases.CarNamesAndCarPricesTest">
+        <methods>
+          <include name="tearDown"/>
+          <include name="carNamesAndCarPrices"/>
+        </methods>
+      </class> <!-- testcases.CarNamesAndCarPricesTest -->
+    </classes>
+  </test> <!-- Find Car Names and Car Prices(failed) -->
 </suite> <!-- Failed suite [Page Object Model Framework] -->
diff --git a/test-output/emailable-report.html b/test-output/emailable-report.html
index 19b027a..7938b02 100644
--- a/test-output/emailable-report.html
+++ b/test-output/emailable-report.html
@@ -9,19 +9,22 @@
 <table>
 <tr><th>Test</th><th># Passed</th><th># Skipped</th><th># Failed</th><th>Time (ms)</th><th>Included Groups</th><th>Excluded Groups</th></tr>
 <tr><th colspan="7">Page Object Model Framework</th></tr>
-<tr><td><a href="#t0">Find New Car Test</a></td><td class="num">0</td><td class="num">0</td><td class="num attn">1</td><td class="num">15,491</td><td></td><td></td></tr>
+<tr><td><a href="#t0">Find New Car Test</a></td><td class="num">4</td><td class="num">0</td><td class="num attn">1</td><td class="num">5,041,412</td><td></td><td></td></tr>
+<tr class="stripe"><td><a href="#t1">Find Car Names and Car Prices</a></td><td class="num">0</td><td class="num attn">1</td><td class="num">0</td><td class="num">587</td><td></td><td></td></tr>
+<tr><th>Total</th><th class="num">4</th><th class="num attn">1</th><th class="num attn">1</th><th class="num">5,041,999</th><th colspan="2"></th></tr>
 </table>
-<table id='summary'><thead><tr><th>Class</th><th>Method</th><th>Start</th><th>Time (ms)</th></tr></thead><tbody><tr><th colspan="4">Page Object Model Framework</th></tr></tbody><tbody id="t0"><tr><th colspan="4">Find New Car Test &#8212; failed</th></tr><tr class="failedeven"><td rowspan="1">testcases.FindNewCarsTest</td><td><a href="#m0">findNewCars</a></td><td rowspan="1">1734789671057</td><td rowspan="1">15188</td></tr></tbody>
+<table id='summary'><thead><tr><th>Class</th><th>Method</th><th>Start</th><th>Time (ms)</th></tr></thead><tbody><tr><th colspan="4">Page Object Model Framework</th></tr></tbody><tbody id="t0"><tr><th colspan="4">Find New Car Test &#8212; failed</th></tr><tr class="failedeven"><td rowspan="1">testcases.FindNewCarsTest</td><td><a href="#m0">findNewCars</a></td><td rowspan="1">1735120217866</td><td rowspan="1">5005063</td></tr><tr><th colspan="4">Find New Car Test &#8212; passed</th></tr><tr class="passedeven"><td rowspan="4">testcases.FindNewCarsTest</td><td><a href="#m1">findNewCars</a></td><td rowspan="4">1735120211913</td><td rowspan="4">5950</td></tr><tr class="passedeven"><td><a href="#m2">findNewCars</a></td></tr><tr class="passedeven"><td><a href="#m3">findNewCars</a></td></tr><tr class="passedeven"><td><a href="#m4">findNewCars</a></td></tr></tbody>
+<tbody id="t1"><tr><th colspan="4">Find Car Names and Car Prices &#8212; skipped</th></tr><tr class="skippedeven"><td rowspan="1">testcases.CarNamesAndCarPricesTest</td><td><a href="#m5">carNamesAndCarPrices</a></td><td rowspan="1">1735125238965</td><td rowspan="1">0</td></tr></tbody>
 </table>
-<h2>Find New Car Test</h2><h3 id="m0">testcases.FindNewCarsTest#findNewCars</h3><table class="result"><tr class="param"><th>Parameter #1</th><th>Parameter #2</th><th>Parameter #3</th><th>Parameter #4</th></tr><tr class="param stripe"><td>chrome</td><td>Y</td><td>kia</td><td>Kia Cars</td></tr><tr><th colspan="4">Exception</th></tr><tr><td colspan="4"><div class="stacktrace">org.openqa.selenium.NoSuchElementException: no such element: Unable to locate element: {&quot;method&quot;:&quot;xpath&quot;,&quot;selector&quot;:&quot;//*[@id=&quot;root&quot;]/div[2]/div/div/div[2]/section/header/h1&quot;}
+<h2>Find New Car Test</h2><h3 id="m0">testcases.FindNewCarsTest#findNewCars</h3><table class="result"><tr class="param"><th>Parameter #1</th><th>Parameter #2</th><th>Parameter #3</th><th>Parameter #4</th></tr><tr class="param stripe"><td>chrome</td><td>Y</td><td>hyundai</td><td>Hyundai Cars</td></tr><tr><th colspan="4">Exception</th></tr><tr><td colspan="4"><div class="stacktrace">org.openqa.selenium.NoSuchWindowException: no such window: target window already closed
+from unknown error: web view not found
   (Session info: chrome=131.0.6778.205)
-For documentation on this error, please visit: https://www.selenium.dev/documentation/webdriver/troubleshooting/errors#no-such-element-exception
 Build info: version: &apos;4.13.0&apos;, revision: &apos;ba948ece5b*&apos;
 System info: os.name: &apos;Windows 11&apos;, os.arch: &apos;amd64&apos;, os.version: &apos;10.0&apos;, java.version: &apos;18&apos;
 Driver info: org.openqa.selenium.chrome.ChromeDriver
-Command: [e33101bfd5632194ad0acca08224cfdc, findElement {using=xpath, value=//*[@id=&quot;root&quot;]/div[2]/div/div/div[2]/section/header/h1}]
-Capabilities {acceptInsecureCerts: false, browserName: chrome, browserVersion: 131.0.6778.205, chrome: {chromedriverVersion: 131.0.6778.204 (52183f9e99a..., userDataDir: C:\Users\TANYAF~1\AppData\L...}, fedcm:accounts: true, goog:chromeOptions: {debuggerAddress: localhost:54789}, networkConnectionEnabled: false, pageLoadStrategy: normal, platformName: windows, proxy: Proxy(), se:cdp: ws://localhost:54789/devtoo..., se:cdpVersion: 131.0.6778.205, setWindowRect: true, strictFileInteractability: false, timeouts: {implicit: 0, pageLoad: 300000, script: 30000}, unhandledPromptBehavior: dismiss and notify, webauthn:extension:credBlob: true, webauthn:extension:largeBlob: true, webauthn:extension:minPinLength: true, webauthn:extension:prf: true, webauthn:virtualAuthenticators: true}
-Session ID: e33101bfd5632194ad0acca08224cfdc
+Command: [6363b399cfd7d418a4b0541a2e450c7e, findElement {using=xpath, value=//div[normalize-space()=&apos;Find New Cars&apos;]}]
+Capabilities {acceptInsecureCerts: false, browserName: chrome, browserVersion: 131.0.6778.205, chrome: {chromedriverVersion: 131.0.6778.204 (52183f9e99a..., userDataDir: C:\Users\TANYAF~1\AppData\L...}, fedcm:accounts: true, goog:chromeOptions: {debuggerAddress: localhost:56361}, networkConnectionEnabled: false, pageLoadStrategy: normal, platformName: windows, proxy: Proxy(), se:cdp: ws://localhost:56361/devtoo..., se:cdpVersion: 131.0.6778.205, setWindowRect: true, strictFileInteractability: false, timeouts: {implicit: 0, pageLoad: 300000, script: 30000}, unhandledPromptBehavior: dismiss and notify, webauthn:extension:credBlob: true, webauthn:extension:largeBlob: true, webauthn:extension:minPinLength: true, webauthn:extension:prf: true, webauthn:virtualAuthenticators: true}
+Session ID: 6363b399cfd7d418a4b0541a2e450c7e
 	at org.openqa.selenium.remote.codec.w3c.W3CHttpResponseCodec.createException(W3CHttpResponseCodec.java:200)
 	at org.openqa.selenium.remote.codec.w3c.W3CHttpResponseCodec.decode(W3CHttpResponseCodec.java:133)
 	at org.openqa.selenium.remote.codec.w3c.W3CHttpResponseCodec.decode(W3CHttpResponseCodec.java:52)
@@ -35,9 +38,24 @@ Session ID: e33101bfd5632194ad0acca08224cfdc
 	at org.openqa.selenium.remote.RemoteWebDriver.findElement(RemoteWebDriver.java:353)
 	at org.openqa.selenium.support.pagefactory.DefaultElementLocator.findElement(DefaultElementLocator.java:68)
 	at org.openqa.selenium.support.pagefactory.internal.LocatingElementHandler.invoke(LocatingElementHandler.java:38)
-	at jdk.proxy2/jdk.proxy2.$Proxy16.getText(Unknown Source)
-	at Base.CarBasePage.getCarTitle(CarBasePage.java:28)
-	at testcases.FindNewCarsTest.findNewCars(FindNewCarsTest.java:41)
+	at jdk.proxy2/jdk.proxy2.$Proxy16.toString(Unknown Source)
+	at java.base/java.lang.String.valueOf(String.java:4213)
+	at java.base/java.lang.StringBuilder.append(StringBuilder.java:173)
+	at org.openqa.selenium.support.ui.ExpectedConditions$23.toString(ExpectedConditions.java:669)
+	at java.base/java.lang.String.valueOf(String.java:4213)
+	at java.base/java.lang.StringBuilder.append(StringBuilder.java:173)
+	at org.openqa.selenium.support.ui.FluentWait.until(FluentWait.java:227)
+	at pages.HomePage.findNewCars(HomePage.java:55)
+	at testcases.FindNewCarsTest.findNewCars(FindNewCarsTest.java:26)
 ... Removed 26 stack frames</div></td></tr></table><p class="totop"><a href="#summary">back to summary</a></p>
+<h3 id="m1">testcases.FindNewCarsTest#findNewCars</h3><table class="result"><tr class="param"><th>Parameter #1</th><th>Parameter #2</th><th>Parameter #3</th><th>Parameter #4</th></tr><tr class="param stripe"><td>chrome</td><td>Y</td><td>bmw</td><td>BMW Cars</td></tr></table><p class="totop"><a href="#summary">back to summary</a></p>
+<h3 id="m2">testcases.FindNewCarsTest#findNewCars</h3><table class="result"><tr class="param"><th>Parameter #1</th><th>Parameter #2</th><th>Parameter #3</th><th>Parameter #4</th></tr><tr class="param stripe"><td>chrome</td><td>Y</td><td>toyota</td><td>Toyota Cars</td></tr></table><p class="totop"><a href="#summary">back to summary</a></p>
+<h3 id="m3">testcases.FindNewCarsTest#findNewCars</h3><table class="result"><tr class="param"><th>Parameter #1</th><th>Parameter #2</th><th>Parameter #3</th><th>Parameter #4</th></tr><tr class="param stripe"><td>chrome</td><td>Y</td><td>audi</td><td>Audi Cars</td></tr></table><p class="totop"><a href="#summary">back to summary</a></p>
+<h3 id="m4">testcases.FindNewCarsTest#findNewCars</h3><table class="result"><tr class="param"><th>Parameter #1</th><th>Parameter #2</th><th>Parameter #3</th><th>Parameter #4</th></tr><tr class="param stripe"><td>chrome</td><td>Y</td><td>kia</td><td>Kia Cars</td></tr></table><p class="totop"><a href="#summary">back to summary</a></p>
+<h2>Find Car Names and Car Prices</h2><h3 id="m5">testcases.CarNamesAndCarPricesTest#carNamesAndCarPrices</h3><table class="result"><tr><th>Exception</th></tr><tr><td><div class="stacktrace">java.lang.RuntimeException: java.lang.NegativeArraySizeException: -1
+Caused by: java.lang.NegativeArraySizeException: -1
+	at utilities.DataUtil.getData(DataUtil.java:45)
+	... 22 more
+... Removed 28 stack frames</div></td></tr></table><p class="totop"><a href="#summary">back to summary</a></p>
 </body>
 </html>
diff --git a/test-output/index.html b/test-output/index.html
index ed6dc05..fd4d170 100644
--- a/test-output/index.html
+++ b/test-output/index.html
@@ -54,7 +54,7 @@
                 </li>
                 <li>
                   <a href="#" panel-name="testlist-Page_Object_Model_Framework" class="navigator-link ">
-                    <span class="test-stats">1 test</span>
+                    <span class="test-stats">2 tests</span>
                   </a> <!-- navigator-link  -->
                 </li>
                 <li>
@@ -91,7 +91,7 @@
               <div class="suite-section-content">
                 <ul>
                   <li>
-                    <span class="method-stats">1 method, 1 failed,   </span>
+                    <span class="method-stats">6 methods, 1 failed,  1 skipped,  4 passed</span>
                   </li>
                   <li>
                     <span class="method-list-title failed">Failed methods</span>
@@ -102,11 +102,54 @@
                     <div class="method-list-content failed suite-Page_Object_Model_Framework">
                       <span>
                         <img src="failed.png" width="3%"/>
-                        <a href="#" panel-name="suite-Page_Object_Model_Framework" title="testcases.FindNewCarsTest" class="method navigator-link" hash-for-method="findNewCars(chrome, Y, kia, Kia Cars)">findNewCars(chrome, Y, kia, Kia Cars)</a> <!-- method navigator-link -->
+                        <a href="#" panel-name="suite-Page_Object_Model_Framework" title="testcases.FindNewCarsTest" class="method navigator-link" hash-for-method="findNewCars(chrome, Y, hyundai, Hyundai Cars)">findNewCars(chrome, Y, hyundai, Hyundai Cars)</a> <!-- method navigator-link -->
                       </span>
                       <br/>
                     </div> <!-- method-list-content failed suite-Page_Object_Model_Framework -->
                   </li>
+                  <li>
+                    <span class="method-list-title skipped">Skipped methods</span>
+                    <span class="show-or-hide-methods skipped">
+                      <a href="#" panel-name="suite-Page_Object_Model_Framework" class="hide-methods skipped suite-Page_Object_Model_Framework"> (hide)</a> <!-- hide-methods skipped suite-Page_Object_Model_Framework -->
+                      <a href="#" panel-name="suite-Page_Object_Model_Framework" class="show-methods skipped suite-Page_Object_Model_Framework"> (show)</a> <!-- show-methods skipped suite-Page_Object_Model_Framework -->
+                    </span>
+                    <div class="method-list-content skipped suite-Page_Object_Model_Framework">
+                      <span>
+                        <img src="skipped.png" width="3%"/>
+                        <a href="#" panel-name="suite-Page_Object_Model_Framework" title="testcases.CarNamesAndCarPricesTest" class="method navigator-link" hash-for-method="carNamesAndCarPrices">carNamesAndCarPrices</a> <!-- method navigator-link -->
+                      </span>
+                      <br/>
+                    </div> <!-- method-list-content skipped suite-Page_Object_Model_Framework -->
+                  </li>
+                  <li>
+                    <span class="method-list-title passed">Passed methods</span>
+                    <span class="show-or-hide-methods passed">
+                      <a href="#" panel-name="suite-Page_Object_Model_Framework" class="hide-methods passed suite-Page_Object_Model_Framework"> (hide)</a> <!-- hide-methods passed suite-Page_Object_Model_Framework -->
+                      <a href="#" panel-name="suite-Page_Object_Model_Framework" class="show-methods passed suite-Page_Object_Model_Framework"> (show)</a> <!-- show-methods passed suite-Page_Object_Model_Framework -->
+                    </span>
+                    <div class="method-list-content passed suite-Page_Object_Model_Framework">
+                      <span>
+                        <img src="passed.png" width="3%"/>
+                        <a href="#" panel-name="suite-Page_Object_Model_Framework" title="testcases.FindNewCarsTest" class="method navigator-link" hash-for-method="findNewCars(chrome, Y, bmw, BMW Cars)">findNewCars(chrome, Y, bmw, BMW Cars)</a> <!-- method navigator-link -->
+                      </span>
+                      <br/>
+                      <span>
+                        <img src="passed.png" width="3%"/>
+                        <a href="#" panel-name="suite-Page_Object_Model_Framework" title="testcases.FindNewCarsTest" class="method navigator-link" hash-for-method="findNewCars(chrome, Y, toyota, Toyota Cars)">findNewCars(chrome, Y, toyota, Toyota Cars)</a> <!-- method navigator-link -->
+                      </span>
+                      <br/>
+                      <span>
+                        <img src="passed.png" width="3%"/>
+                        <a href="#" panel-name="suite-Page_Object_Model_Framework" title="testcases.FindNewCarsTest" class="method navigator-link" hash-for-method="findNewCars(chrome, Y, audi, Audi Cars)">findNewCars(chrome, Y, audi, Audi Cars)</a> <!-- method navigator-link -->
+                      </span>
+                      <br/>
+                      <span>
+                        <img src="passed.png" width="3%"/>
+                        <a href="#" panel-name="suite-Page_Object_Model_Framework" title="testcases.FindNewCarsTest" class="method navigator-link" hash-for-method="findNewCars(chrome, Y, kia, Kia Cars)">findNewCars(chrome, Y, kia, Kia Cars)</a> <!-- method navigator-link -->
+                      </span>
+                      <br/>
+                    </div> <!-- method-list-content passed suite-Page_Object_Model_Framework -->
+                  </li>
                 </ul>
               </div> <!-- suite-section-content -->
             </div> <!-- result-section -->
@@ -125,19 +168,19 @@
             <div class="main-panel-content rounded-window-bottom">
               <div class="method">
                 <div class="method-content">
-                  <a name="findNewCars(chrome, Y, kia, Kia Cars)">
-                  </a> <!-- findNewCars(chrome, Y, kia, Kia Cars) -->
+                  <a name="findNewCars(chrome, Y, hyundai, Hyundai Cars)">
+                  </a> <!-- findNewCars(chrome, Y, hyundai, Hyundai Cars) -->
                   <span class="method-name">findNewCars</span>
-                  <span class="parameters">(chrome, Y, kia, Kia Cars)</span>
-                  <div class="stack-trace">org.openqa.selenium.NoSuchElementException: no such element: Unable to locate element: {&quot;method&quot;:&quot;xpath&quot;,&quot;selector&quot;:&quot;//*[@id=&quot;root&quot;]/div[2]/div/div/div[2]/section/header/h1&quot;}
+                  <span class="parameters">(chrome, Y, hyundai, Hyundai Cars)</span>
+                  <div class="stack-trace">org.openqa.selenium.NoSuchWindowException: no such window: target window already closed
+from unknown error: web view not found
   (Session info: chrome=131.0.6778.205)
-For documentation on this error, please visit: https://www.selenium.dev/documentation/webdriver/troubleshooting/errors#no-such-element-exception
 Build info: version: &apos;4.13.0&apos;, revision: &apos;ba948ece5b*&apos;
 System info: os.name: &apos;Windows 11&apos;, os.arch: &apos;amd64&apos;, os.version: &apos;10.0&apos;, java.version: &apos;18&apos;
 Driver info: org.openqa.selenium.chrome.ChromeDriver
-Command: [e33101bfd5632194ad0acca08224cfdc, findElement {using=xpath, value=//*[@id=&quot;root&quot;]/div[2]/div/div/div[2]/section/header/h1}]
-Capabilities {acceptInsecureCerts: false, browserName: chrome, browserVersion: 131.0.6778.205, chrome: {chromedriverVersion: 131.0.6778.204 (52183f9e99a..., userDataDir: C:\Users\TANYAF~1\AppData\L...}, fedcm:accounts: true, goog:chromeOptions: {debuggerAddress: localhost:54789}, networkConnectionEnabled: false, pageLoadStrategy: normal, platformName: windows, proxy: Proxy(), se:cdp: ws://localhost:54789/devtoo..., se:cdpVersion: 131.0.6778.205, setWindowRect: true, strictFileInteractability: false, timeouts: {implicit: 0, pageLoad: 300000, script: 30000}, unhandledPromptBehavior: dismiss and notify, webauthn:extension:credBlob: true, webauthn:extension:largeBlob: true, webauthn:extension:minPinLength: true, webauthn:extension:prf: true, webauthn:virtualAuthenticators: true}
-Session ID: e33101bfd5632194ad0acca08224cfdc
+Command: [6363b399cfd7d418a4b0541a2e450c7e, findElement {using=xpath, value=//div[normalize-space()=&apos;Find New Cars&apos;]}]
+Capabilities {acceptInsecureCerts: false, browserName: chrome, browserVersion: 131.0.6778.205, chrome: {chromedriverVersion: 131.0.6778.204 (52183f9e99a..., userDataDir: C:\Users\TANYAF~1\AppData\L...}, fedcm:accounts: true, goog:chromeOptions: {debuggerAddress: localhost:56361}, networkConnectionEnabled: false, pageLoadStrategy: normal, platformName: windows, proxy: Proxy(), se:cdp: ws://localhost:56361/devtoo..., se:cdpVersion: 131.0.6778.205, setWindowRect: true, strictFileInteractability: false, timeouts: {implicit: 0, pageLoad: 300000, script: 30000}, unhandledPromptBehavior: dismiss and notify, webauthn:extension:credBlob: true, webauthn:extension:largeBlob: true, webauthn:extension:minPinLength: true, webauthn:extension:prf: true, webauthn:virtualAuthenticators: true}
+Session ID: 6363b399cfd7d418a4b0541a2e450c7e
 	at org.openqa.selenium.remote.codec.w3c.W3CHttpResponseCodec.createException(W3CHttpResponseCodec.java:200)
 	at org.openqa.selenium.remote.codec.w3c.W3CHttpResponseCodec.decode(W3CHttpResponseCodec.java:133)
 	at org.openqa.selenium.remote.codec.w3c.W3CHttpResponseCodec.decode(W3CHttpResponseCodec.java:52)
@@ -151,15 +194,82 @@ Session ID: e33101bfd5632194ad0acca08224cfdc
 	at org.openqa.selenium.remote.RemoteWebDriver.findElement(RemoteWebDriver.java:353)
 	at org.openqa.selenium.support.pagefactory.DefaultElementLocator.findElement(DefaultElementLocator.java:68)
 	at org.openqa.selenium.support.pagefactory.internal.LocatingElementHandler.invoke(LocatingElementHandler.java:38)
-	at jdk.proxy2/jdk.proxy2.$Proxy16.getText(Unknown Source)
-	at Base.CarBasePage.getCarTitle(CarBasePage.java:28)
-	at testcases.FindNewCarsTest.findNewCars(FindNewCarsTest.java:41)
+	at jdk.proxy2/jdk.proxy2.$Proxy16.toString(Unknown Source)
+	at java.base/java.lang.String.valueOf(String.java:4213)
+	at java.base/java.lang.StringBuilder.append(StringBuilder.java:173)
+	at org.openqa.selenium.support.ui.ExpectedConditions$23.toString(ExpectedConditions.java:669)
+	at java.base/java.lang.String.valueOf(String.java:4213)
+	at java.base/java.lang.StringBuilder.append(StringBuilder.java:173)
+	at org.openqa.selenium.support.ui.FluentWait.until(FluentWait.java:227)
+	at pages.HomePage.findNewCars(HomePage.java:55)
+	at testcases.FindNewCarsTest.findNewCars(FindNewCarsTest.java:26)
 ... Removed 26 stack frames
 </div> <!-- stack-trace -->
                 </div> <!-- method-content -->
               </div> <!-- method -->
             </div> <!-- main-panel-content rounded-window-bottom -->
           </div> <!-- suite-Page_Object_Model_Framework-class-failed -->
+          <div class="suite-Page_Object_Model_Framework-class-skipped">
+            <div class="main-panel-header rounded-window-top">
+              <img src="skipped.png"/>
+              <span class="class-name">testcases.CarNamesAndCarPricesTest</span>
+            </div> <!-- main-panel-header rounded-window-top -->
+            <div class="main-panel-content rounded-window-bottom">
+              <div class="method">
+                <div class="method-content">
+                  <a name="carNamesAndCarPrices">
+                  </a> <!-- carNamesAndCarPrices -->
+                  <span class="method-name">carNamesAndCarPrices</span>
+                  <div class="stack-trace">java.lang.RuntimeException: java.lang.NegativeArraySizeException: -1
+Caused by: java.lang.NegativeArraySizeException: -1
+	at utilities.DataUtil.getData(DataUtil.java:45)
+	... 22 more
+... Removed 28 stack frames
+</div> <!-- stack-trace -->
+                </div> <!-- method-content -->
+              </div> <!-- method -->
+            </div> <!-- main-panel-content rounded-window-bottom -->
+          </div> <!-- suite-Page_Object_Model_Framework-class-skipped -->
+          <div class="suite-Page_Object_Model_Framework-class-passed">
+            <div class="main-panel-header rounded-window-top">
+              <img src="passed.png"/>
+              <span class="class-name">testcases.FindNewCarsTest</span>
+            </div> <!-- main-panel-header rounded-window-top -->
+            <div class="main-panel-content rounded-window-bottom">
+              <div class="method">
+                <div class="method-content">
+                  <a name="findNewCars(chrome, Y, bmw, BMW Cars)">
+                  </a> <!-- findNewCars(chrome, Y, bmw, BMW Cars) -->
+                  <span class="method-name">findNewCars</span>
+                  <span class="parameters">(chrome, Y, bmw, BMW Cars)</span>
+                </div> <!-- method-content -->
+              </div> <!-- method -->
+              <div class="method">
+                <div class="method-content">
+                  <a name="findNewCars(chrome, Y, toyota, Toyota Cars)">
+                  </a> <!-- findNewCars(chrome, Y, toyota, Toyota Cars) -->
+                  <span class="method-name">findNewCars</span>
+                  <span class="parameters">(chrome, Y, toyota, Toyota Cars)</span>
+                </div> <!-- method-content -->
+              </div> <!-- method -->
+              <div class="method">
+                <div class="method-content">
+                  <a name="findNewCars(chrome, Y, audi, Audi Cars)">
+                  </a> <!-- findNewCars(chrome, Y, audi, Audi Cars) -->
+                  <span class="method-name">findNewCars</span>
+                  <span class="parameters">(chrome, Y, audi, Audi Cars)</span>
+                </div> <!-- method-content -->
+              </div> <!-- method -->
+              <div class="method">
+                <div class="method-content">
+                  <a name="findNewCars(chrome, Y, kia, Kia Cars)">
+                  </a> <!-- findNewCars(chrome, Y, kia, Kia Cars) -->
+                  <span class="method-name">findNewCars</span>
+                  <span class="parameters">(chrome, Y, kia, Kia Cars)</span>
+                </div> <!-- method-content -->
+              </div> <!-- method -->
+            </div> <!-- main-panel-content rounded-window-bottom -->
+          </div> <!-- suite-Page_Object_Model_Framework-class-passed -->
         </div> <!-- panel Page_Object_Model_Framework -->
         <div panel-name="test-xml-Page_Object_Model_Framework" class="panel">
           <div class="main-panel-header rounded-window-top">
@@ -175,6 +285,11 @@ Session ID: e33101bfd5632194ad0acca08224cfdc
       &lt;class name=&quot;testcases.FindNewCarsTest&quot;/&gt;
     &lt;/classes&gt;
   &lt;/test&gt; &lt;!-- Find New Car Test --&gt;
+  &lt;test thread-count=&quot;5&quot; name=&quot;Find Car Names and Car Prices&quot;&gt;
+    &lt;classes&gt;
+      &lt;class name=&quot;testcases.CarNamesAndCarPricesTest&quot;/&gt;
+    &lt;/classes&gt;
+  &lt;/test&gt; &lt;!-- Find Car Names and Car Prices --&gt;
 &lt;/suite&gt; &lt;!-- Page Object Model Framework --&gt;
             </pre>
           </div> <!-- main-panel-content rounded-window-bottom -->
@@ -188,6 +303,9 @@ Session ID: e33101bfd5632194ad0acca08224cfdc
               <li>
                 <span class="test-name">Find New Car Test (1 class)</span>
               </li>
+              <li>
+                <span class="test-name">Find Car Names and Car Prices (1 class)</span>
+              </li>
             </ul>
           </div> <!-- main-panel-content rounded-window-bottom -->
         </div> <!-- panel -->
@@ -212,16 +330,36 @@ data.addColumn('number', 'Number');
 data.addColumn('string', 'Method');
 data.addColumn('string', 'Class');
 data.addColumn('number', 'Time (ms)');
-data.addRows(1);
+data.addRows(6);
 data.setCell(0, 0, 0)
 data.setCell(0, 1, 'findNewCars')
 data.setCell(0, 2, 'testcases.FindNewCarsTest')
-data.setCell(0, 3, 15188);
+data.setCell(0, 3, 5005063);
+data.setCell(1, 0, 1)
+data.setCell(1, 1, 'findNewCars')
+data.setCell(1, 2, 'testcases.FindNewCarsTest')
+data.setCell(1, 3, 10454);
+data.setCell(2, 0, 2)
+data.setCell(2, 1, 'findNewCars')
+data.setCell(2, 2, 'testcases.FindNewCarsTest')
+data.setCell(2, 3, 9589);
+data.setCell(3, 0, 3)
+data.setCell(3, 1, 'findNewCars')
+data.setCell(3, 2, 'testcases.FindNewCarsTest')
+data.setCell(3, 3, 6352);
+data.setCell(4, 0, 4)
+data.setCell(4, 1, 'findNewCars')
+data.setCell(4, 2, 'testcases.FindNewCarsTest')
+data.setCell(4, 3, 5950);
+data.setCell(5, 0, 5)
+data.setCell(5, 1, 'carNamesAndCarPrices')
+data.setCell(5, 2, 'testcases.CarNamesAndCarPricesTest')
+data.setCell(5, 3, 0);
 window.suiteTableData['Page_Object_Model_Framework']= { tableData: data, tableDiv: 'times-div-Page_Object_Model_Framework'}
 return data;
 }
               </script>
-              <span class="suite-total-time">Total running time: 15 seconds</span>
+              <span class="suite-total-time">Total running time: 1 hours</span>
               <div id="times-div-Page_Object_Model_Framework">
               </div> <!-- times-div-Page_Object_Model_Framework -->
             </div> <!-- times-div -->
@@ -249,14 +387,46 @@ return data;
             <div class="chronological-class">
               <div class="chronological-class-name">testcases.FindNewCarsTest</div> <!-- chronological-class-name -->
               <div class="test-method">
-                <img src="failed.png">
-                </img>
                 <span class="method-name">findNewCars(chrome, Y, kia, Kia Cars)</span>
                 <span class="method-start">0 ms</span>
               </div> <!-- test-method -->
               <div class="configuration-method after">
                 <span class="method-name">tearDown</span>
-                <span class="method-start">15191 ms</span>
+                <span class="method-start">9592 ms</span>
+              </div> <!-- configuration-method after -->
+              <div class="test-method">
+                <span class="method-name">findNewCars(chrome, Y, toyota, Toyota Cars)</span>
+                <span class="method-start">9593 ms</span>
+              </div> <!-- test-method -->
+              <div class="configuration-method after">
+                <span class="method-name">tearDown</span>
+                <span class="method-start">15946 ms</span>
+              </div> <!-- configuration-method after -->
+              <div class="test-method">
+                <span class="method-name">findNewCars(chrome, Y, bmw, BMW Cars)</span>
+                <span class="method-start">15947 ms</span>
+              </div> <!-- test-method -->
+              <div class="configuration-method after">
+                <span class="method-name">tearDown</span>
+                <span class="method-start">21898 ms</span>
+              </div> <!-- configuration-method after -->
+              <div class="test-method">
+                <img src="failed.png">
+                </img>
+                <span class="method-name">findNewCars(chrome, Y, hyundai, Hyundai Cars)</span>
+                <span class="method-start">21900 ms</span>
+              </div> <!-- test-method -->
+              <div class="configuration-method after">
+                <span class="method-name">tearDown</span>
+                <span class="method-start">5028431 ms</span>
+              </div> <!-- configuration-method after -->
+              <div class="test-method">
+                <span class="method-name">findNewCars(chrome, Y, audi, Audi Cars)</span>
+                <span class="method-start">5030653 ms</span>
+              </div> <!-- test-method -->
+              <div class="configuration-method after">
+                <span class="method-name">tearDown</span>
+                <span class="method-start">5041107 ms</span>
               </div> <!-- configuration-method after -->
           </div> <!-- main-panel-content rounded-window-bottom -->
         </div> <!-- panel -->
diff --git a/test-output/junitreports/TEST-testcases.FindNewCarsTest.xml b/test-output/junitreports/TEST-testcases.FindNewCarsTest.xml
index baed22a..e460cd0 100644
--- a/test-output/junitreports/TEST-testcases.FindNewCarsTest.xml
+++ b/test-output/junitreports/TEST-testcases.FindNewCarsTest.xml
@@ -1,25 +1,28 @@
 <?xml version="1.0" encoding="UTF-8"?>
 <!-- Generated by org.testng.reporters.JUnitReportReporter -->
-<testsuite hostname="LAPTOP-5ONM4F1J" failures="0" tests="1" name="testcases.FindNewCarsTest" time="15.422" errors="1" timestamp="21 Dec 2024 14:01:26 GMT" skipped="0">
-  <testcase classname="testcases.FindNewCarsTest" name="findNewCars" time="15.422">
-    <error message="no such element: Unable to locate element: {&quot;method&quot;:&quot;xpath&quot;,&quot;selector&quot;:&quot;//*[@id=&quot;root&quot;]/div[2]/div/div/div[2]/section/header/h1&quot;}
+<testsuite hostname="LAPTOP-5ONM4F1J" failures="0" tests="5" name="testcases.FindNewCarsTest" time="5039.633" errors="1" timestamp="25 Dec 2024 11:13:59 GMT" skipped="0">
+  <testcase classname="testcases.FindNewCarsTest" name="findNewCars" time="5.950"/>
+  <testcase classname="testcases.FindNewCarsTest" name="findNewCars" time="6.353"/>
+  <testcase classname="testcases.FindNewCarsTest" name="findNewCars" time="10.455"/>
+  <testcase classname="testcases.FindNewCarsTest" name="findNewCars" time="5007.285">
+    <error message="no such window: target window already closed
+from unknown error: web view not found
   (Session info: chrome=131.0.6778.205)
-For documentation on this error, please visit: https://www.selenium.dev/documentation/webdriver/troubleshooting/errors#no-such-element-exception
 Build info: version: &#039;4.13.0&#039;, revision: &#039;ba948ece5b*&#039;
 System info: os.name: &#039;Windows 11&#039;, os.arch: &#039;amd64&#039;, os.version: &#039;10.0&#039;, java.version: &#039;18&#039;
 Driver info: org.openqa.selenium.chrome.ChromeDriver
-Command: [e33101bfd5632194ad0acca08224cfdc, findElement {using=xpath, value=//*[@id=&quot;root&quot;]/div[2]/div/div/div[2]/section/header/h1}]
-Capabilities {acceptInsecureCerts: false, browserName: chrome, browserVersion: 131.0.6778.205, chrome: {chromedriverVersion: 131.0.6778.204 (52183f9e99a..., userDataDir: C:\Users\TANYAF~1\AppData\L...}, fedcm:accounts: true, goog:chromeOptions: {debuggerAddress: localhost:54789}, networkConnectionEnabled: false, pageLoadStrategy: normal, platformName: windows, proxy: Proxy(), se:cdp: ws://localhost:54789/devtoo..., se:cdpVersion: 131.0.6778.205, setWindowRect: true, strictFileInteractability: false, timeouts: {implicit: 0, pageLoad: 300000, script: 30000}, unhandledPromptBehavior: dismiss and notify, webauthn:extension:credBlob: true, webauthn:extension:largeBlob: true, webauthn:extension:minPinLength: true, webauthn:extension:prf: true, webauthn:virtualAuthenticators: true}
-Session ID: e33101bfd5632194ad0acca08224cfdc" type="org.openqa.selenium.NoSuchElementException">
-      <![CDATA[org.openqa.selenium.NoSuchElementException: no such element: Unable to locate element: {"method":"xpath","selector":"//*[@id="root"]/div[2]/div/div/div[2]/section/header/h1"}
+Command: [6363b399cfd7d418a4b0541a2e450c7e, findElement {using=xpath, value=//div[normalize-space()=&#039;Find New Cars&#039;]}]
+Capabilities {acceptInsecureCerts: false, browserName: chrome, browserVersion: 131.0.6778.205, chrome: {chromedriverVersion: 131.0.6778.204 (52183f9e99a..., userDataDir: C:\Users\TANYAF~1\AppData\L...}, fedcm:accounts: true, goog:chromeOptions: {debuggerAddress: localhost:56361}, networkConnectionEnabled: false, pageLoadStrategy: normal, platformName: windows, proxy: Proxy(), se:cdp: ws://localhost:56361/devtoo..., se:cdpVersion: 131.0.6778.205, setWindowRect: true, strictFileInteractability: false, timeouts: {implicit: 0, pageLoad: 300000, script: 30000}, unhandledPromptBehavior: dismiss and notify, webauthn:extension:credBlob: true, webauthn:extension:largeBlob: true, webauthn:extension:minPinLength: true, webauthn:extension:prf: true, webauthn:virtualAuthenticators: true}
+Session ID: 6363b399cfd7d418a4b0541a2e450c7e" type="org.openqa.selenium.NoSuchWindowException">
+      <![CDATA[org.openqa.selenium.NoSuchWindowException: no such window: target window already closed
+from unknown error: web view not found
   (Session info: chrome=131.0.6778.205)
-For documentation on this error, please visit: https://www.selenium.dev/documentation/webdriver/troubleshooting/errors#no-such-element-exception
 Build info: version: '4.13.0', revision: 'ba948ece5b*'
 System info: os.name: 'Windows 11', os.arch: 'amd64', os.version: '10.0', java.version: '18'
 Driver info: org.openqa.selenium.chrome.ChromeDriver
-Command: [e33101bfd5632194ad0acca08224cfdc, findElement {using=xpath, value=//*[@id="root"]/div[2]/div/div/div[2]/section/header/h1}]
-Capabilities {acceptInsecureCerts: false, browserName: chrome, browserVersion: 131.0.6778.205, chrome: {chromedriverVersion: 131.0.6778.204 (52183f9e99a..., userDataDir: C:\Users\TANYAF~1\AppData\L...}, fedcm:accounts: true, goog:chromeOptions: {debuggerAddress: localhost:54789}, networkConnectionEnabled: false, pageLoadStrategy: normal, platformName: windows, proxy: Proxy(), se:cdp: ws://localhost:54789/devtoo..., se:cdpVersion: 131.0.6778.205, setWindowRect: true, strictFileInteractability: false, timeouts: {implicit: 0, pageLoad: 300000, script: 30000}, unhandledPromptBehavior: dismiss and notify, webauthn:extension:credBlob: true, webauthn:extension:largeBlob: true, webauthn:extension:minPinLength: true, webauthn:extension:prf: true, webauthn:virtualAuthenticators: true}
-Session ID: e33101bfd5632194ad0acca08224cfdc
+Command: [6363b399cfd7d418a4b0541a2e450c7e, findElement {using=xpath, value=//div[normalize-space()='Find New Cars']}]
+Capabilities {acceptInsecureCerts: false, browserName: chrome, browserVersion: 131.0.6778.205, chrome: {chromedriverVersion: 131.0.6778.204 (52183f9e99a..., userDataDir: C:\Users\TANYAF~1\AppData\L...}, fedcm:accounts: true, goog:chromeOptions: {debuggerAddress: localhost:56361}, networkConnectionEnabled: false, pageLoadStrategy: normal, platformName: windows, proxy: Proxy(), se:cdp: ws://localhost:56361/devtoo..., se:cdpVersion: 131.0.6778.205, setWindowRect: true, strictFileInteractability: false, timeouts: {implicit: 0, pageLoad: 300000, script: 30000}, unhandledPromptBehavior: dismiss and notify, webauthn:extension:credBlob: true, webauthn:extension:largeBlob: true, webauthn:extension:minPinLength: true, webauthn:extension:prf: true, webauthn:virtualAuthenticators: true}
+Session ID: 6363b399cfd7d418a4b0541a2e450c7e
 at java.base/jdk.internal.reflect.DirectConstructorHandleAccessor.newInstance(DirectConstructorHandleAccessor.java:67)
 at java.base/java.lang.reflect.Constructor.newInstanceWithCaller(Constructor.java:499)
 at java.base/java.lang.reflect.Constructor.newInstance(Constructor.java:483)
@@ -36,9 +39,15 @@ at org.openqa.selenium.remote.RemoteWebDriver.findElement(RemoteWebDriver.java:3
 at org.openqa.selenium.remote.RemoteWebDriver.findElement(RemoteWebDriver.java:353)
 at org.openqa.selenium.support.pagefactory.DefaultElementLocator.findElement(DefaultElementLocator.java:68)
 at org.openqa.selenium.support.pagefactory.internal.LocatingElementHandler.invoke(LocatingElementHandler.java:38)
-at jdk.proxy2/jdk.proxy2.$Proxy16.getText(Unknown Source)
-at Base.CarBasePage.getCarTitle(CarBasePage.java:28)
-at testcases.FindNewCarsTest.findNewCars(FindNewCarsTest.java:41)
+at jdk.proxy2/jdk.proxy2.$Proxy16.toString(Unknown Source)
+at java.base/java.lang.String.valueOf(String.java:4213)
+at java.base/java.lang.StringBuilder.append(StringBuilder.java:173)
+at org.openqa.selenium.support.ui.ExpectedConditions$23.toString(ExpectedConditions.java:669)
+at java.base/java.lang.String.valueOf(String.java:4213)
+at java.base/java.lang.StringBuilder.append(StringBuilder.java:173)
+at org.openqa.selenium.support.ui.FluentWait.until(FluentWait.java:227)
+at pages.HomePage.findNewCars(HomePage.java:55)
+at testcases.FindNewCarsTest.findNewCars(FindNewCarsTest.java:26)
 at java.base/jdk.internal.reflect.DirectMethodHandleAccessor.invoke(DirectMethodHandleAccessor.java:104)
 at java.base/java.lang.reflect.Method.invoke(Method.java:577)
 at org.testng.internal.MethodInvocationHelper.invokeMethod(MethodInvocationHelper.java:124)
@@ -60,9 +69,10 @@ at org.testng.TestNG.runSuitesLocally(TestNG.java:1137)
 at org.testng.TestNG.runSuites(TestNG.java:1049)
 at org.testng.TestNG.run(TestNG.java:1017)
 at org.testng.remote.AbstractRemoteTestNG.run(AbstractRemoteTestNG.java:115)
-at org.testng.remote.RemoteTestNG.initAndRun(RemoteTestNG.java:251)
-at org.testng.remote.RemoteTestNG.main(RemoteTestNG.java:77)
+at org.testng.remote.RemoteTestNG.initAndRun(RemoteTestNG.java:293)
+at org.testng.remote.RemoteTestNG.main(RemoteTestNG.java:91)
 ]]>
     </error>
   </testcase> <!-- findNewCars -->
+  <testcase classname="testcases.FindNewCarsTest" name="findNewCars" time="9.590"/>
 </testsuite> <!-- testcases.FindNewCarsTest -->
diff --git a/test-output/old/Page Object Model Framework/Find New Car Test.properties b/test-output/old/Page Object Model Framework/Find New Car Test.properties
index d0cedde..3c3d8d7 100644
--- a/test-output/old/Page Object Model Framework/Find New Car Test.properties	
+++ b/test-output/old/Page Object Model Framework/Find New Car Test.properties	
@@ -1 +1 @@
-[SuiteResult context=Find New Car Test]
\ No newline at end of file
+[SuiteResult context=Find New Car Test][SuiteResult context=Find Car Names and Car Prices]
\ No newline at end of file
diff --git a/test-output/old/Page Object Model Framework/classes.html b/test-output/old/Page Object Model Framework/classes.html
index 5094a16..c54b48e 100644
--- a/test-output/old/Page Object Model Framework/classes.html	
+++ b/test-output/old/Page Object Model Framework/classes.html	
@@ -4,6 +4,32 @@
 <th>Method name</th>
 <th>Groups</th>
 </tr><tr>
+<td>testcases.CarNamesAndCarPricesTest</td>
+<td>&nbsp;</td><td>&nbsp;</td></tr>
+<tr>
+<td align='center' colspan='3'>@Test</td>
+</tr>
+<tr>
+<td>&nbsp;</td>
+<td>carNamesAndCarPrices</td>
+<td>&nbsp;</td></tr>
+<tr>
+<td align='center' colspan='3'>@BeforeClass</td>
+</tr>
+<tr>
+<td align='center' colspan='3'>@BeforeMethod</td>
+</tr>
+<tr>
+<td align='center' colspan='3'>@AfterMethod</td>
+</tr>
+<tr>
+<td>&nbsp;</td>
+<td>tearDown</td>
+<td>&nbsp;</td></tr>
+<tr>
+<td align='center' colspan='3'>@AfterClass</td>
+</tr>
+<tr>
 <td>testcases.FindNewCarsTest</td>
 <td>&nbsp;</td><td>&nbsp;</td></tr>
 <tr>
diff --git a/test-output/old/Page Object Model Framework/methods-alphabetical.html b/test-output/old/Page Object Model Framework/methods-alphabetical.html
index 7dcf324..577e556 100644
--- a/test-output/old/Page Object Model Framework/methods-alphabetical.html	
+++ b/test-output/old/Page Object Model Framework/methods-alphabetical.html	
@@ -1,8 +1,24 @@
 <h2>Methods run, sorted chronologically</h2><h3>&gt;&gt; means before, &lt;&lt; means after</h3><p/><br/><em>Page Object Model Framework</em><p/><small><i>(Hover the method name to see the test class name)</i></small><p/>
 <table border="1">
 <tr><th>Time</th><th>Delta (ms)</th><th>Suite<br>configuration</th><th>Test<br>configuration</th><th>Class<br>configuration</th><th>Groups<br>configuration</th><th>Method<br>configuration</th><th>Test<br>method</th><th>Thread</th><th>Instances</th></tr>
-<tr bgcolor="7abbb4">  <td>24/12/21 19:31:11</td>   <td>0</td> <td>&nbsp;</td><td>&nbsp;</td><td>&nbsp;</td><td>&nbsp;</td><td>&nbsp;</td><td title="FindNewCarsTest.findNewCars(java.lang.String, java.lang.String, java.lang.String, java.lang.String)[pri:0, instance:testcases.FindNewCarsTest@1ef3efa8]">findNewCars</td> 
+<tr bgcolor="61d8d1">  <td>24/12/25 15:19:55</td>   <td>0</td> <td>&nbsp;</td><td>&nbsp;</td><td>&nbsp;</td><td>&nbsp;</td><td>&nbsp;</td><td title="FindNewCarsTest.findNewCars(java.lang.String, java.lang.String, java.lang.String, java.lang.String)[pri:0, instance:testcases.FindNewCarsTest@47605f2f]">findNewCars</td> 
   <td>main@1510467688</td>   <td></td> </tr>
-<tr bgcolor="98bcce">  <td>24/12/21 19:31:26</td>   <td>15191</td> <td>&nbsp;</td><td>&nbsp;</td><td>&nbsp;</td><td>&nbsp;</td><td title="&lt;&lt;BaseTest.tearDown()[pri:0, instance:testcases.FindNewCarsTest@1ef3efa8]">&lt;&lt;tearDown</td> 
+<tr bgcolor="61d8d1">  <td>24/12/25 15:20:05</td>   <td>9593</td> <td>&nbsp;</td><td>&nbsp;</td><td>&nbsp;</td><td>&nbsp;</td><td>&nbsp;</td><td title="FindNewCarsTest.findNewCars(java.lang.String, java.lang.String, java.lang.String, java.lang.String)[pri:0, instance:testcases.FindNewCarsTest@47605f2f]">findNewCars</td> 
+  <td>main@1510467688</td>   <td></td> </tr>
+<tr bgcolor="61d8d1">  <td>24/12/25 15:20:11</td>   <td>15947</td> <td>&nbsp;</td><td>&nbsp;</td><td>&nbsp;</td><td>&nbsp;</td><td>&nbsp;</td><td title="FindNewCarsTest.findNewCars(java.lang.String, java.lang.String, java.lang.String, java.lang.String)[pri:0, instance:testcases.FindNewCarsTest@47605f2f]">findNewCars</td> 
+  <td>main@1510467688</td>   <td></td> </tr>
+<tr bgcolor="61d8d1">  <td>24/12/25 15:20:17</td>   <td>21900</td> <td>&nbsp;</td><td>&nbsp;</td><td>&nbsp;</td><td>&nbsp;</td><td>&nbsp;</td><td title="FindNewCarsTest.findNewCars(java.lang.String, java.lang.String, java.lang.String, java.lang.String)[pri:0, instance:testcases.FindNewCarsTest@47605f2f]">findNewCars</td> 
+  <td>main@1510467688</td>   <td></td> </tr>
+<tr bgcolor="61d8d1">  <td>24/12/25 16:43:46</td>   <td>5030653</td> <td>&nbsp;</td><td>&nbsp;</td><td>&nbsp;</td><td>&nbsp;</td><td>&nbsp;</td><td title="FindNewCarsTest.findNewCars(java.lang.String, java.lang.String, java.lang.String, java.lang.String)[pri:0, instance:testcases.FindNewCarsTest@47605f2f]">findNewCars</td> 
+  <td>main@1510467688</td>   <td></td> </tr>
+<tr bgcolor="6aac89">  <td>24/12/25 15:20:05</td>   <td>9593</td> <td>&nbsp;</td><td>&nbsp;</td><td>&nbsp;</td><td>&nbsp;</td><td title="&lt;&lt;BaseTest.tearDown()[pri:0, instance:testcases.FindNewCarsTest@47605f2f]">&lt;&lt;tearDown</td> 
+<td>&nbsp;</td>  <td>main@1510467688</td>   <td></td> </tr>
+<tr bgcolor="6aac89">  <td>24/12/25 15:20:11</td>   <td>15947</td> <td>&nbsp;</td><td>&nbsp;</td><td>&nbsp;</td><td>&nbsp;</td><td title="&lt;&lt;BaseTest.tearDown()[pri:0, instance:testcases.FindNewCarsTest@47605f2f]">&lt;&lt;tearDown</td> 
+<td>&nbsp;</td>  <td>main@1510467688</td>   <td></td> </tr>
+<tr bgcolor="6aac89">  <td>24/12/25 15:20:17</td>   <td>21899</td> <td>&nbsp;</td><td>&nbsp;</td><td>&nbsp;</td><td>&nbsp;</td><td title="&lt;&lt;BaseTest.tearDown()[pri:0, instance:testcases.FindNewCarsTest@47605f2f]">&lt;&lt;tearDown</td> 
+<td>&nbsp;</td>  <td>main@1510467688</td>   <td></td> </tr>
+<tr bgcolor="6aac89">  <td>24/12/25 16:43:44</td>   <td>5028495</td> <td>&nbsp;</td><td>&nbsp;</td><td>&nbsp;</td><td>&nbsp;</td><td title="&lt;&lt;BaseTest.tearDown()[pri:0, instance:testcases.FindNewCarsTest@47605f2f]">&lt;&lt;tearDown</td> 
+<td>&nbsp;</td>  <td>main@1510467688</td>   <td></td> </tr>
+<tr bgcolor="6aac89">  <td>24/12/25 16:43:57</td>   <td>5041107</td> <td>&nbsp;</td><td>&nbsp;</td><td>&nbsp;</td><td>&nbsp;</td><td title="&lt;&lt;BaseTest.tearDown()[pri:0, instance:testcases.FindNewCarsTest@47605f2f]">&lt;&lt;tearDown</td> 
 <td>&nbsp;</td>  <td>main@1510467688</td>   <td></td> </tr>
 </table>
diff --git a/test-output/old/Page Object Model Framework/methods.html b/test-output/old/Page Object Model Framework/methods.html
index 7dcf324..29ac965 100644
--- a/test-output/old/Page Object Model Framework/methods.html	
+++ b/test-output/old/Page Object Model Framework/methods.html	
@@ -1,8 +1,24 @@
 <h2>Methods run, sorted chronologically</h2><h3>&gt;&gt; means before, &lt;&lt; means after</h3><p/><br/><em>Page Object Model Framework</em><p/><small><i>(Hover the method name to see the test class name)</i></small><p/>
 <table border="1">
 <tr><th>Time</th><th>Delta (ms)</th><th>Suite<br>configuration</th><th>Test<br>configuration</th><th>Class<br>configuration</th><th>Groups<br>configuration</th><th>Method<br>configuration</th><th>Test<br>method</th><th>Thread</th><th>Instances</th></tr>
-<tr bgcolor="7abbb4">  <td>24/12/21 19:31:11</td>   <td>0</td> <td>&nbsp;</td><td>&nbsp;</td><td>&nbsp;</td><td>&nbsp;</td><td>&nbsp;</td><td title="FindNewCarsTest.findNewCars(java.lang.String, java.lang.String, java.lang.String, java.lang.String)[pri:0, instance:testcases.FindNewCarsTest@1ef3efa8]">findNewCars</td> 
+<tr bgcolor="61d8d1">  <td>24/12/25 15:19:55</td>   <td>0</td> <td>&nbsp;</td><td>&nbsp;</td><td>&nbsp;</td><td>&nbsp;</td><td>&nbsp;</td><td title="FindNewCarsTest.findNewCars(java.lang.String, java.lang.String, java.lang.String, java.lang.String)[pri:0, instance:testcases.FindNewCarsTest@47605f2f]">findNewCars</td> 
   <td>main@1510467688</td>   <td></td> </tr>
-<tr bgcolor="98bcce">  <td>24/12/21 19:31:26</td>   <td>15191</td> <td>&nbsp;</td><td>&nbsp;</td><td>&nbsp;</td><td>&nbsp;</td><td title="&lt;&lt;BaseTest.tearDown()[pri:0, instance:testcases.FindNewCarsTest@1ef3efa8]">&lt;&lt;tearDown</td> 
+<tr bgcolor="6aac89">  <td>24/12/25 15:20:05</td>   <td>9593</td> <td>&nbsp;</td><td>&nbsp;</td><td>&nbsp;</td><td>&nbsp;</td><td title="&lt;&lt;BaseTest.tearDown()[pri:0, instance:testcases.FindNewCarsTest@47605f2f]">&lt;&lt;tearDown</td> 
+<td>&nbsp;</td>  <td>main@1510467688</td>   <td></td> </tr>
+<tr bgcolor="61d8d1">  <td>24/12/25 15:20:05</td>   <td>9593</td> <td>&nbsp;</td><td>&nbsp;</td><td>&nbsp;</td><td>&nbsp;</td><td>&nbsp;</td><td title="FindNewCarsTest.findNewCars(java.lang.String, java.lang.String, java.lang.String, java.lang.String)[pri:0, instance:testcases.FindNewCarsTest@47605f2f]">findNewCars</td> 
+  <td>main@1510467688</td>   <td></td> </tr>
+<tr bgcolor="6aac89">  <td>24/12/25 15:20:11</td>   <td>15947</td> <td>&nbsp;</td><td>&nbsp;</td><td>&nbsp;</td><td>&nbsp;</td><td title="&lt;&lt;BaseTest.tearDown()[pri:0, instance:testcases.FindNewCarsTest@47605f2f]">&lt;&lt;tearDown</td> 
+<td>&nbsp;</td>  <td>main@1510467688</td>   <td></td> </tr>
+<tr bgcolor="61d8d1">  <td>24/12/25 15:20:11</td>   <td>15947</td> <td>&nbsp;</td><td>&nbsp;</td><td>&nbsp;</td><td>&nbsp;</td><td>&nbsp;</td><td title="FindNewCarsTest.findNewCars(java.lang.String, java.lang.String, java.lang.String, java.lang.String)[pri:0, instance:testcases.FindNewCarsTest@47605f2f]">findNewCars</td> 
+  <td>main@1510467688</td>   <td></td> </tr>
+<tr bgcolor="6aac89">  <td>24/12/25 15:20:17</td>   <td>21899</td> <td>&nbsp;</td><td>&nbsp;</td><td>&nbsp;</td><td>&nbsp;</td><td title="&lt;&lt;BaseTest.tearDown()[pri:0, instance:testcases.FindNewCarsTest@47605f2f]">&lt;&lt;tearDown</td> 
+<td>&nbsp;</td>  <td>main@1510467688</td>   <td></td> </tr>
+<tr bgcolor="61d8d1">  <td>24/12/25 15:20:17</td>   <td>21900</td> <td>&nbsp;</td><td>&nbsp;</td><td>&nbsp;</td><td>&nbsp;</td><td>&nbsp;</td><td title="FindNewCarsTest.findNewCars(java.lang.String, java.lang.String, java.lang.String, java.lang.String)[pri:0, instance:testcases.FindNewCarsTest@47605f2f]">findNewCars</td> 
+  <td>main@1510467688</td>   <td></td> </tr>
+<tr bgcolor="6aac89">  <td>24/12/25 16:43:44</td>   <td>5028495</td> <td>&nbsp;</td><td>&nbsp;</td><td>&nbsp;</td><td>&nbsp;</td><td title="&lt;&lt;BaseTest.tearDown()[pri:0, instance:testcases.FindNewCarsTest@47605f2f]">&lt;&lt;tearDown</td> 
+<td>&nbsp;</td>  <td>main@1510467688</td>   <td></td> </tr>
+<tr bgcolor="61d8d1">  <td>24/12/25 16:43:46</td>   <td>5030653</td> <td>&nbsp;</td><td>&nbsp;</td><td>&nbsp;</td><td>&nbsp;</td><td>&nbsp;</td><td title="FindNewCarsTest.findNewCars(java.lang.String, java.lang.String, java.lang.String, java.lang.String)[pri:0, instance:testcases.FindNewCarsTest@47605f2f]">findNewCars</td> 
+  <td>main@1510467688</td>   <td></td> </tr>
+<tr bgcolor="6aac89">  <td>24/12/25 16:43:57</td>   <td>5041107</td> <td>&nbsp;</td><td>&nbsp;</td><td>&nbsp;</td><td>&nbsp;</td><td title="&lt;&lt;BaseTest.tearDown()[pri:0, instance:testcases.FindNewCarsTest@47605f2f]">&lt;&lt;tearDown</td> 
 <td>&nbsp;</td>  <td>main@1510467688</td>   <td></td> </tr>
 </table>
diff --git a/test-output/old/Page Object Model Framework/testng.xml.html b/test-output/old/Page Object Model Framework/testng.xml.html
index 7baa601..ecf49bf 100644
--- a/test-output/old/Page Object Model Framework/testng.xml.html	
+++ b/test-output/old/Page Object Model Framework/testng.xml.html	
@@ -1 +1 @@
-<html><head><title>testng.xml for Page Object Model Framework</title></head><body><tt>&lt;?xml&nbsp;version="1.0"&nbsp;encoding="UTF-8"?&gt;<br/>&lt;!DOCTYPE&nbsp;suite&nbsp;SYSTEM&nbsp;"http://testng.org/testng-1.0.dtd"&gt;<br/>&lt;suite&nbsp;name="Page&nbsp;Object&nbsp;Model&nbsp;Framework"&nbsp;guice-stage="DEVELOPMENT"&gt;<br/>&nbsp;&nbsp;&lt;test&nbsp;thread-count="5"&nbsp;name="Find&nbsp;New&nbsp;Car&nbsp;Test"&gt;<br/>&nbsp;&nbsp;&nbsp;&nbsp;&lt;classes&gt;<br/>&nbsp;&nbsp;&nbsp;&nbsp;&nbsp;&nbsp;&lt;class&nbsp;name="testcases.FindNewCarsTest"/&gt;<br/>&nbsp;&nbsp;&nbsp;&nbsp;&lt;/classes&gt;<br/>&nbsp;&nbsp;&lt;/test&gt;&nbsp;&lt;!--&nbsp;Find&nbsp;New&nbsp;Car&nbsp;Test&nbsp;--&gt;<br/>&lt;/suite&gt;&nbsp;&lt;!--&nbsp;Page&nbsp;Object&nbsp;Model&nbsp;Framework&nbsp;--&gt;<br/></tt></body></html>
\ No newline at end of file
+<html><head><title>testng.xml for Page Object Model Framework</title></head><body><tt>&lt;?xml&nbsp;version="1.0"&nbsp;encoding="UTF-8"?&gt;<br/>&lt;!DOCTYPE&nbsp;suite&nbsp;SYSTEM&nbsp;"http://testng.org/testng-1.0.dtd"&gt;<br/>&lt;suite&nbsp;name="Page&nbsp;Object&nbsp;Model&nbsp;Framework"&nbsp;guice-stage="DEVELOPMENT"&gt;<br/>&nbsp;&nbsp;&lt;test&nbsp;thread-count="5"&nbsp;name="Find&nbsp;New&nbsp;Car&nbsp;Test"&gt;<br/>&nbsp;&nbsp;&nbsp;&nbsp;&lt;classes&gt;<br/>&nbsp;&nbsp;&nbsp;&nbsp;&nbsp;&nbsp;&lt;class&nbsp;name="testcases.FindNewCarsTest"/&gt;<br/>&nbsp;&nbsp;&nbsp;&nbsp;&lt;/classes&gt;<br/>&nbsp;&nbsp;&lt;/test&gt;&nbsp;&lt;!--&nbsp;Find&nbsp;New&nbsp;Car&nbsp;Test&nbsp;--&gt;<br/>&nbsp;&nbsp;&lt;test&nbsp;thread-count="5"&nbsp;name="Find&nbsp;Car&nbsp;Names&nbsp;and&nbsp;Car&nbsp;Prices"&gt;<br/>&nbsp;&nbsp;&nbsp;&nbsp;&lt;classes&gt;<br/>&nbsp;&nbsp;&nbsp;&nbsp;&nbsp;&nbsp;&lt;class&nbsp;name="testcases.CarNamesAndCarPricesTest"/&gt;<br/>&nbsp;&nbsp;&nbsp;&nbsp;&lt;/classes&gt;<br/>&nbsp;&nbsp;&lt;/test&gt;&nbsp;&lt;!--&nbsp;Find&nbsp;Car&nbsp;Names&nbsp;and&nbsp;Car&nbsp;Prices&nbsp;--&gt;<br/>&lt;/suite&gt;&nbsp;&lt;!--&nbsp;Page&nbsp;Object&nbsp;Model&nbsp;Framework&nbsp;--&gt;<br/></tt></body></html>
\ No newline at end of file
diff --git a/test-output/old/Page Object Model Framework/toc.html b/test-output/old/Page Object Model Framework/toc.html
index 64c8d0d..4ffda2e 100644
--- a/test-output/old/Page Object Model Framework/toc.html	
+++ b/test-output/old/Page Object Model Framework/toc.html	
@@ -8,9 +8,9 @@
 <h3><p align="center">Results for<br/><em>Page Object Model Framework</em></p></h3>
 <table border='1' width='100%'>
 <tr valign='top'>
-<td>1 test</td>
-<td><a target='mainFrame' href='classes.html'>1 class</a></td>
-<td>1 method:<br/>
+<td>2 tests</td>
+<td><a target='mainFrame' href='classes.html'>2 classes</a></td>
+<td>2 methods:<br/>
 &nbsp;&nbsp;<a target='mainFrame' href='methods.html'>chronological</a><br/>
 &nbsp;&nbsp;<a target='mainFrame' href='methods-alphabetical.html'>alphabetical</a><br/>
 &nbsp;&nbsp;<a target='mainFrame' href='methods-not-run.html'>not run (0)</a></td>
@@ -22,9 +22,17 @@
 </tr></table>
 <table width='100%' class='test-failed'>
 <tr><td>
-<table style='width: 100%'><tr><td valign='top'>Find New Car Test (0/1/0)</td><td valign='top' align='right'>
+<table style='width: 100%'><tr><td valign='top'>Find New Car Test (4/1/0)</td><td valign='top' align='right'>
   <a href='Find New Car Test.html' target='mainFrame'>Results</a>
 </td></tr></table>
 </td></tr><p/>
 </table>
+
+<table width='100%' class='test-skipped'>
+<tr><td>
+<table style='width: 100%'><tr><td valign='top'>Find Car Names and Car Prices (0/0/1)</td><td valign='top' align='right'>
+  <a href='Find Car Names and Car Prices.html' target='mainFrame'>Results</a>
+</td></tr></table>
+</td></tr><p/>
+</table>
 </body></html>
\ No newline at end of file
diff --git a/test-output/old/index.html b/test-output/old/index.html
index d77d2db..8c7ecbb 100644
--- a/test-output/old/index.html
+++ b/test-output/old/index.html
@@ -4,6 +4,6 @@
 </head><body>
 <h2><p align='center'>Test results</p></h2>
 <table border='1' width='100%' class='main-page'><tr><th>Suite</th><th>Passed</th><th>Failed</th><th>Skipped</th><th>testng.xml</th></tr>
-<tr align='center' class='invocation-failed'><td><em>Total</em></td><td><em>0</em></td><td><em>1</em></td><td><em>0</em></td><td>&nbsp;</td></tr>
+<tr align='center' class='invocation-failed'><td><em>Total</em></td><td><em>4</em></td><td><em>1</em></td><td><em>1</em></td><td>&nbsp;</td></tr>
 <tr align='center' class='invocation-failed'><td><a href='Page Object Model Framework/index.html'>Page Object Model Framework</a></td>
-<td>0</td><td>1</td><td>0</td><td><a href='Page Object Model Framework/testng.xml.html'>Link</a></td></tr></table></body></html>
+<td>4</td><td>1</td><td>1</td><td><a href='Page Object Model Framework/testng.xml.html'>Link</a></td></tr></table></body></html>
diff --git a/test-output/testng-failed.xml b/test-output/testng-failed.xml
index 6898882..70b99a8 100644
--- a/test-output/testng-failed.xml
+++ b/test-output/testng-failed.xml
@@ -5,10 +5,20 @@
     <classes>
       <class name="testcases.FindNewCarsTest">
         <methods>
-          <include name="findNewCars" invocation-numbers="0"/>
+          <include name="findNewCars" invocation-numbers="3"/>
           <include name="tearDown"/>
         </methods>
       </class> <!-- testcases.FindNewCarsTest -->
     </classes>
   </test> <!-- Find New Car Test(failed) -->
+  <test thread-count="5" name="Find Car Names and Car Prices(failed)">
+    <classes>
+      <class name="testcases.CarNamesAndCarPricesTest">
+        <methods>
+          <include name="tearDown"/>
+          <include name="carNamesAndCarPrices"/>
+        </methods>
+      </class> <!-- testcases.CarNamesAndCarPricesTest -->
+    </classes>
+  </test> <!-- Find Car Names and Car Prices(failed) -->
 </suite> <!-- Failed suite [Page Object Model Framework] -->
diff --git a/test-output/testng-results.xml b/test-output/testng-results.xml
index 5e982b6..b20164d 100644
--- a/test-output/testng-results.xml
+++ b/test-output/testng-results.xml
@@ -1,13 +1,13 @@
 <?xml version="1.0" encoding="UTF-8"?>
-<testng-results ignored="0" total="1" passed="0" failed="1" skipped="0">
+<testng-results ignored="0" total="6" passed="4" failed="1" skipped="1">
   <reporter-output>
   </reporter-output>
-  <suite started-at="2024-12-21T14:01:10Z" name="Page Object Model Framework" finished-at="2024-12-21T14:01:26Z" duration-ms="15491">
+  <suite started-at="2024-12-25T09:49:55Z" name="Page Object Model Framework" finished-at="2024-12-25T11:13:58Z" duration-ms="5043098">
     <groups>
     </groups>
-    <test started-at="2024-12-21T14:01:10Z" name="Find New Car Test" finished-at="2024-12-21T14:01:26Z" duration-ms="15491">
+    <test started-at="2024-12-25T09:49:55Z" name="Find New Car Test" finished-at="2024-12-25T11:13:57Z" duration-ms="5041412">
       <class name="testcases.FindNewCarsTest">
-        <test-method signature="findNewCars(java.lang.String, java.lang.String, java.lang.String, java.lang.String)[pri:0, instance:testcases.FindNewCarsTest@1ef3efa8]" started-at="2024-12-21T14:01:11Z" name="findNewCars" data-provider="dp" finished-at="2024-12-21T14:01:26Z" duration-ms="15188" status="FAIL">
+        <test-method signature="findNewCars(java.lang.String, java.lang.String, java.lang.String, java.lang.String)[pri:0, instance:testcases.FindNewCarsTest@47605f2f]" started-at="2024-12-25T09:49:55Z" name="findNewCars" data-provider="dp" finished-at="2024-12-25T09:50:05Z" duration-ms="9589" status="PASS">
           <params>
             <param index="0">
               <value>
@@ -30,28 +30,118 @@
               </value>
             </param>
           </params>
-          <exception class="org.openqa.selenium.NoSuchElementException">
+          <reporter-output>
+          </reporter-output>
+        </test-method> <!-- findNewCars -->
+        <test-method is-config="true" signature="tearDown()[pri:0, instance:testcases.FindNewCarsTest@47605f2f]" started-at="2024-12-25T09:50:05Z" name="tearDown" finished-at="2024-12-25T09:50:05Z" duration-ms="1" status="PASS">
+          <reporter-output>
+          </reporter-output>
+        </test-method> <!-- tearDown -->
+        <test-method signature="findNewCars(java.lang.String, java.lang.String, java.lang.String, java.lang.String)[pri:0, instance:testcases.FindNewCarsTest@47605f2f]" started-at="2024-12-25T09:50:05Z" name="findNewCars" data-provider="dp" finished-at="2024-12-25T09:50:11Z" duration-ms="6352" status="PASS">
+          <params>
+            <param index="0">
+              <value>
+                <![CDATA[chrome]]>
+              </value>
+            </param>
+            <param index="1">
+              <value>
+                <![CDATA[Y]]>
+              </value>
+            </param>
+            <param index="2">
+              <value>
+                <![CDATA[toyota]]>
+              </value>
+            </param>
+            <param index="3">
+              <value>
+                <![CDATA[Toyota Cars]]>
+              </value>
+            </param>
+          </params>
+          <reporter-output>
+          </reporter-output>
+        </test-method> <!-- findNewCars -->
+        <test-method is-config="true" signature="tearDown()[pri:0, instance:testcases.FindNewCarsTest@47605f2f]" started-at="2024-12-25T09:50:11Z" name="tearDown" finished-at="2024-12-25T09:50:11Z" duration-ms="1" status="PASS">
+          <reporter-output>
+          </reporter-output>
+        </test-method> <!-- tearDown -->
+        <test-method signature="findNewCars(java.lang.String, java.lang.String, java.lang.String, java.lang.String)[pri:0, instance:testcases.FindNewCarsTest@47605f2f]" started-at="2024-12-25T09:50:11Z" name="findNewCars" data-provider="dp" finished-at="2024-12-25T09:50:17Z" duration-ms="5950" status="PASS">
+          <params>
+            <param index="0">
+              <value>
+                <![CDATA[chrome]]>
+              </value>
+            </param>
+            <param index="1">
+              <value>
+                <![CDATA[Y]]>
+              </value>
+            </param>
+            <param index="2">
+              <value>
+                <![CDATA[bmw]]>
+              </value>
+            </param>
+            <param index="3">
+              <value>
+                <![CDATA[BMW Cars]]>
+              </value>
+            </param>
+          </params>
+          <reporter-output>
+          </reporter-output>
+        </test-method> <!-- findNewCars -->
+        <test-method is-config="true" signature="tearDown()[pri:0, instance:testcases.FindNewCarsTest@47605f2f]" started-at="2024-12-25T09:50:17Z" name="tearDown" finished-at="2024-12-25T09:50:17Z" duration-ms="1" status="PASS">
+          <reporter-output>
+          </reporter-output>
+        </test-method> <!-- tearDown -->
+        <test-method signature="findNewCars(java.lang.String, java.lang.String, java.lang.String, java.lang.String)[pri:0, instance:testcases.FindNewCarsTest@47605f2f]" started-at="2024-12-25T09:50:17Z" name="findNewCars" data-provider="dp" finished-at="2024-12-25T11:13:42Z" duration-ms="5005063" status="FAIL">
+          <params>
+            <param index="0">
+              <value>
+                <![CDATA[chrome]]>
+              </value>
+            </param>
+            <param index="1">
+              <value>
+                <![CDATA[Y]]>
+              </value>
+            </param>
+            <param index="2">
+              <value>
+                <![CDATA[hyundai]]>
+              </value>
+            </param>
+            <param index="3">
+              <value>
+                <![CDATA[Hyundai Cars]]>
+              </value>
+            </param>
+          </params>
+          <exception class="org.openqa.selenium.NoSuchWindowException">
             <message>
-              <![CDATA[no such element: Unable to locate element: {"method":"xpath","selector":"//*[@id="root"]/div[2]/div/div/div[2]/section/header/h1"}
+              <![CDATA[no such window: target window already closed
+from unknown error: web view not found
   (Session info: chrome=131.0.6778.205)
-For documentation on this error, please visit: https://www.selenium.dev/documentation/webdriver/troubleshooting/errors#no-such-element-exception
 Build info: version: '4.13.0', revision: 'ba948ece5b*'
 System info: os.name: 'Windows 11', os.arch: 'amd64', os.version: '10.0', java.version: '18'
 Driver info: org.openqa.selenium.chrome.ChromeDriver
-Command: [e33101bfd5632194ad0acca08224cfdc, findElement {using=xpath, value=//*[@id="root"]/div[2]/div/div/div[2]/section/header/h1}]
-Capabilities {acceptInsecureCerts: false, browserName: chrome, browserVersion: 131.0.6778.205, chrome: {chromedriverVersion: 131.0.6778.204 (52183f9e99a..., userDataDir: C:\Users\TANYAF~1\AppData\L...}, fedcm:accounts: true, goog:chromeOptions: {debuggerAddress: localhost:54789}, networkConnectionEnabled: false, pageLoadStrategy: normal, platformName: windows, proxy: Proxy(), se:cdp: ws://localhost:54789/devtoo..., se:cdpVersion: 131.0.6778.205, setWindowRect: true, strictFileInteractability: false, timeouts: {implicit: 0, pageLoad: 300000, script: 30000}, unhandledPromptBehavior: dismiss and notify, webauthn:extension:credBlob: true, webauthn:extension:largeBlob: true, webauthn:extension:minPinLength: true, webauthn:extension:prf: true, webauthn:virtualAuthenticators: true}
-Session ID: e33101bfd5632194ad0acca08224cfdc]]>
+Command: [6363b399cfd7d418a4b0541a2e450c7e, findElement {using=xpath, value=//div[normalize-space()='Find New Cars']}]
+Capabilities {acceptInsecureCerts: false, browserName: chrome, browserVersion: 131.0.6778.205, chrome: {chromedriverVersion: 131.0.6778.204 (52183f9e99a..., userDataDir: C:\Users\TANYAF~1\AppData\L...}, fedcm:accounts: true, goog:chromeOptions: {debuggerAddress: localhost:56361}, networkConnectionEnabled: false, pageLoadStrategy: normal, platformName: windows, proxy: Proxy(), se:cdp: ws://localhost:56361/devtoo..., se:cdpVersion: 131.0.6778.205, setWindowRect: true, strictFileInteractability: false, timeouts: {implicit: 0, pageLoad: 300000, script: 30000}, unhandledPromptBehavior: dismiss and notify, webauthn:extension:credBlob: true, webauthn:extension:largeBlob: true, webauthn:extension:minPinLength: true, webauthn:extension:prf: true, webauthn:virtualAuthenticators: true}
+Session ID: 6363b399cfd7d418a4b0541a2e450c7e]]>
             </message>
             <full-stacktrace>
-              <![CDATA[org.openqa.selenium.NoSuchElementException: no such element: Unable to locate element: {"method":"xpath","selector":"//*[@id="root"]/div[2]/div/div/div[2]/section/header/h1"}
+              <![CDATA[org.openqa.selenium.NoSuchWindowException: no such window: target window already closed
+from unknown error: web view not found
   (Session info: chrome=131.0.6778.205)
-For documentation on this error, please visit: https://www.selenium.dev/documentation/webdriver/troubleshooting/errors#no-such-element-exception
 Build info: version: '4.13.0', revision: 'ba948ece5b*'
 System info: os.name: 'Windows 11', os.arch: 'amd64', os.version: '10.0', java.version: '18'
 Driver info: org.openqa.selenium.chrome.ChromeDriver
-Command: [e33101bfd5632194ad0acca08224cfdc, findElement {using=xpath, value=//*[@id="root"]/div[2]/div/div/div[2]/section/header/h1}]
-Capabilities {acceptInsecureCerts: false, browserName: chrome, browserVersion: 131.0.6778.205, chrome: {chromedriverVersion: 131.0.6778.204 (52183f9e99a..., userDataDir: C:\Users\TANYAF~1\AppData\L...}, fedcm:accounts: true, goog:chromeOptions: {debuggerAddress: localhost:54789}, networkConnectionEnabled: false, pageLoadStrategy: normal, platformName: windows, proxy: Proxy(), se:cdp: ws://localhost:54789/devtoo..., se:cdpVersion: 131.0.6778.205, setWindowRect: true, strictFileInteractability: false, timeouts: {implicit: 0, pageLoad: 300000, script: 30000}, unhandledPromptBehavior: dismiss and notify, webauthn:extension:credBlob: true, webauthn:extension:largeBlob: true, webauthn:extension:minPinLength: true, webauthn:extension:prf: true, webauthn:virtualAuthenticators: true}
-Session ID: e33101bfd5632194ad0acca08224cfdc
+Command: [6363b399cfd7d418a4b0541a2e450c7e, findElement {using=xpath, value=//div[normalize-space()='Find New Cars']}]
+Capabilities {acceptInsecureCerts: false, browserName: chrome, browserVersion: 131.0.6778.205, chrome: {chromedriverVersion: 131.0.6778.204 (52183f9e99a..., userDataDir: C:\Users\TANYAF~1\AppData\L...}, fedcm:accounts: true, goog:chromeOptions: {debuggerAddress: localhost:56361}, networkConnectionEnabled: false, pageLoadStrategy: normal, platformName: windows, proxy: Proxy(), se:cdp: ws://localhost:56361/devtoo..., se:cdpVersion: 131.0.6778.205, setWindowRect: true, strictFileInteractability: false, timeouts: {implicit: 0, pageLoad: 300000, script: 30000}, unhandledPromptBehavior: dismiss and notify, webauthn:extension:credBlob: true, webauthn:extension:largeBlob: true, webauthn:extension:minPinLength: true, webauthn:extension:prf: true, webauthn:virtualAuthenticators: true}
+Session ID: 6363b399cfd7d418a4b0541a2e450c7e
 at java.base/jdk.internal.reflect.DirectConstructorHandleAccessor.newInstance(DirectConstructorHandleAccessor.java:67)
 at java.base/java.lang.reflect.Constructor.newInstanceWithCaller(Constructor.java:499)
 at java.base/java.lang.reflect.Constructor.newInstance(Constructor.java:483)
@@ -68,9 +158,15 @@ at org.openqa.selenium.remote.RemoteWebDriver.findElement(RemoteWebDriver.java:3
 at org.openqa.selenium.remote.RemoteWebDriver.findElement(RemoteWebDriver.java:353)
 at org.openqa.selenium.support.pagefactory.DefaultElementLocator.findElement(DefaultElementLocator.java:68)
 at org.openqa.selenium.support.pagefactory.internal.LocatingElementHandler.invoke(LocatingElementHandler.java:38)
-at jdk.proxy2/jdk.proxy2.$Proxy16.getText(Unknown Source)
-at Base.CarBasePage.getCarTitle(CarBasePage.java:28)
-at testcases.FindNewCarsTest.findNewCars(FindNewCarsTest.java:41)
+at jdk.proxy2/jdk.proxy2.$Proxy16.toString(Unknown Source)
+at java.base/java.lang.String.valueOf(String.java:4213)
+at java.base/java.lang.StringBuilder.append(StringBuilder.java:173)
+at org.openqa.selenium.support.ui.ExpectedConditions$23.toString(ExpectedConditions.java:669)
+at java.base/java.lang.String.valueOf(String.java:4213)
+at java.base/java.lang.StringBuilder.append(StringBuilder.java:173)
+at org.openqa.selenium.support.ui.FluentWait.until(FluentWait.java:227)
+at pages.HomePage.findNewCars(HomePage.java:55)
+at testcases.FindNewCarsTest.findNewCars(FindNewCarsTest.java:26)
 at java.base/jdk.internal.reflect.DirectMethodHandleAccessor.invoke(DirectMethodHandleAccessor.java:104)
 at java.base/java.lang.reflect.Method.invoke(Method.java:577)
 at org.testng.internal.MethodInvocationHelper.invokeMethod(MethodInvocationHelper.java:124)
@@ -92,19 +188,97 @@ at org.testng.TestNG.runSuitesLocally(TestNG.java:1137)
 at org.testng.TestNG.runSuites(TestNG.java:1049)
 at org.testng.TestNG.run(TestNG.java:1017)
 at org.testng.remote.AbstractRemoteTestNG.run(AbstractRemoteTestNG.java:115)
-at org.testng.remote.RemoteTestNG.initAndRun(RemoteTestNG.java:251)
-at org.testng.remote.RemoteTestNG.main(RemoteTestNG.java:77)
+at org.testng.remote.RemoteTestNG.initAndRun(RemoteTestNG.java:293)
+at org.testng.remote.RemoteTestNG.main(RemoteTestNG.java:91)
 ]]>
             </full-stacktrace>
-          </exception> <!-- org.openqa.selenium.NoSuchElementException -->
+          </exception> <!-- org.openqa.selenium.NoSuchWindowException -->
+          <reporter-output>
+          </reporter-output>
+        </test-method> <!-- findNewCars -->
+        <test-method is-config="true" signature="tearDown()[pri:0, instance:testcases.FindNewCarsTest@47605f2f]" started-at="2024-12-25T11:13:44Z" name="tearDown" finished-at="2024-12-25T11:13:46Z" duration-ms="2222" status="PASS">
+          <reporter-output>
+          </reporter-output>
+        </test-method> <!-- tearDown -->
+        <test-method signature="findNewCars(java.lang.String, java.lang.String, java.lang.String, java.lang.String)[pri:0, instance:testcases.FindNewCarsTest@47605f2f]" started-at="2024-12-25T11:13:46Z" name="findNewCars" data-provider="dp" finished-at="2024-12-25T11:13:57Z" duration-ms="10454" status="PASS">
+          <params>
+            <param index="0">
+              <value>
+                <![CDATA[chrome]]>
+              </value>
+            </param>
+            <param index="1">
+              <value>
+                <![CDATA[Y]]>
+              </value>
+            </param>
+            <param index="2">
+              <value>
+                <![CDATA[audi]]>
+              </value>
+            </param>
+            <param index="3">
+              <value>
+                <![CDATA[Audi Cars]]>
+              </value>
+            </param>
+          </params>
           <reporter-output>
           </reporter-output>
         </test-method> <!-- findNewCars -->
-        <test-method is-config="true" signature="tearDown()[pri:0, instance:testcases.FindNewCarsTest@1ef3efa8]" started-at="2024-12-21T14:01:26Z" name="tearDown" finished-at="2024-12-21T14:01:26Z" duration-ms="234" status="PASS">
+        <test-method is-config="true" signature="tearDown()[pri:0, instance:testcases.FindNewCarsTest@47605f2f]" started-at="2024-12-25T11:13:57Z" name="tearDown" finished-at="2024-12-25T11:13:57Z" duration-ms="0" status="PASS">
           <reporter-output>
           </reporter-output>
         </test-method> <!-- tearDown -->
       </class> <!-- testcases.FindNewCarsTest -->
     </test> <!-- Find New Car Test -->
+    <test started-at="2024-12-25T11:13:58Z" name="Find Car Names and Car Prices" finished-at="2024-12-25T11:13:58Z" duration-ms="587">
+      <class name="testcases.CarNamesAndCarPricesTest">
+        <test-method signature="carNamesAndCarPrices(java.lang.String, java.lang.String, java.lang.String)[pri:0, instance:testcases.CarNamesAndCarPricesTest@6bb75258]" started-at="2024-12-25T11:13:58Z" name="carNamesAndCarPrices" data-provider="dp" finished-at="2024-12-25T11:13:58Z" duration-ms="0" status="SKIP">
+          <exception class="java.lang.RuntimeException">
+            <message>
+              <![CDATA[java.lang.NegativeArraySizeException: -1]]>
+            </message>
+            <full-stacktrace>
+              <![CDATA[java.lang.RuntimeException: java.lang.NegativeArraySizeException: -1
+at org.testng.internal.MethodInvocationHelper.invokeMethodNoCheckedException(MethodInvocationHelper.java:49)
+at org.testng.internal.MethodInvocationHelper.invokeDataProvider(MethodInvocationHelper.java:131)
+at org.testng.internal.Parameters.handleParameters(Parameters.java:706)
+at org.testng.internal.ParameterHandler.handleParameters(ParameterHandler.java:49)
+at org.testng.internal.ParameterHandler.createParameters(ParameterHandler.java:37)
+at org.testng.internal.Invoker.invokeTestMethods(Invoker.java:924)
+at org.testng.internal.TestMethodWorker.invokeTestMethods(TestMethodWorker.java:125)
+at org.testng.internal.TestMethodWorker.run(TestMethodWorker.java:109)
+at org.testng.TestRunner.privateRun(TestRunner.java:648)
+at org.testng.TestRunner.run(TestRunner.java:505)
+at org.testng.SuiteRunner.runTest(SuiteRunner.java:455)
+at org.testng.SuiteRunner.runSequentially(SuiteRunner.java:450)
+at org.testng.SuiteRunner.privateRun(SuiteRunner.java:415)
+at org.testng.SuiteRunner.run(SuiteRunner.java:364)
+at org.testng.SuiteRunnerWorker.runSuite(SuiteRunnerWorker.java:52)
+at org.testng.SuiteRunnerWorker.run(SuiteRunnerWorker.java:84)
+at org.testng.TestNG.runSuitesSequentially(TestNG.java:1208)
+at org.testng.TestNG.runSuitesLocally(TestNG.java:1137)
+at org.testng.TestNG.runSuites(TestNG.java:1049)
+at org.testng.TestNG.run(TestNG.java:1017)
+at org.testng.remote.AbstractRemoteTestNG.run(AbstractRemoteTestNG.java:115)
+at org.testng.remote.RemoteTestNG.initAndRun(RemoteTestNG.java:293)
+at org.testng.remote.RemoteTestNG.main(RemoteTestNG.java:91)
+Caused by: java.lang.NegativeArraySizeException: -1
+at utilities.DataUtil.getData(DataUtil.java:45)
+at java.base/jdk.internal.reflect.DirectMethodHandleAccessor.invoke(DirectMethodHandleAccessor.java:104)
+at java.base/java.lang.reflect.Method.invoke(Method.java:577)
+at org.testng.internal.MethodInvocationHelper.invokeMethod(MethodInvocationHelper.java:124)
+at org.testng.internal.MethodInvocationHelper.invokeMethod(MethodInvocationHelper.java:74)
+at org.testng.internal.MethodInvocationHelper.invokeMethodNoCheckedException(MethodInvocationHelper.java:45)
+... 22 more
+]]>
+            </full-stacktrace>
+          </exception> <!-- java.lang.RuntimeException -->
+          <reporter-output>
+          </reporter-output>
+        </test-method> <!-- carNamesAndCarPrices -->
+      </class> <!-- testcases.CarNamesAndCarPricesTest -->
+    </test> <!-- Find Car Names and Car Prices -->
   </suite> <!-- Page Object Model Framework -->
 </testng-results>
